
start at: 2015-04-10 13:31:48+08:00
sending incremental file list
buildbot-0.8.5-py2.6.egg/
buildbot-0.8.5-py2.6.egg/EGG-INFO/
buildbot-0.8.5-py2.6.egg/EGG-INFO/PKG-INFO
buildbot-0.8.5-py2.6.egg/EGG-INFO/SOURCES.txt
buildbot-0.8.5-py2.6.egg/EGG-INFO/dependency_links.txt
buildbot-0.8.5-py2.6.egg/EGG-INFO/not-zip-safe
buildbot-0.8.5-py2.6.egg/EGG-INFO/requires.txt
buildbot-0.8.5-py2.6.egg/EGG-INFO/top_level.txt
buildbot-0.8.5-py2.6.egg/EGG-INFO/scripts/
buildbot-0.8.5-py2.6.egg/EGG-INFO/scripts/buildbot
buildbot-0.8.5-py2.6.egg/buildbot/
buildbot-0.8.5-py2.6.egg/buildbot/VERSION
buildbot-0.8.5-py2.6.egg/buildbot/__init__.py
buildbot-0.8.5-py2.6.egg/buildbot/__init__.pyc
buildbot-0.8.5-py2.6.egg/buildbot/buildbot.png
buildbot-0.8.5-py2.6.egg/buildbot/buildrequest.py
buildbot-0.8.5-py2.6.egg/buildbot/buildrequest.pyc
buildbot-0.8.5-py2.6.egg/buildbot/buildslave.py
buildbot-0.8.5-py2.6.egg/buildbot/buildslave.pyc
buildbot-0.8.5-py2.6.egg/buildbot/config.py
buildbot-0.8.5-py2.6.egg/buildbot/config.pyc
buildbot-0.8.5-py2.6.egg/buildbot/ec2buildslave.py
buildbot-0.8.5-py2.6.egg/buildbot/ec2buildslave.pyc
buildbot-0.8.5-py2.6.egg/buildbot/interfaces.py
buildbot-0.8.5-py2.6.egg/buildbot/interfaces.pyc
buildbot-0.8.5-py2.6.egg/buildbot/libvirtbuildslave.py
buildbot-0.8.5-py2.6.egg/buildbot/libvirtbuildslave.pyc
buildbot-0.8.5-py2.6.egg/buildbot/locks.py
buildbot-0.8.5-py2.6.egg/buildbot/locks.pyc
buildbot-0.8.5-py2.6.egg/buildbot/manhole.py
buildbot-0.8.5-py2.6.egg/buildbot/manhole.pyc
buildbot-0.8.5-py2.6.egg/buildbot/master.py
buildbot-0.8.5-py2.6.egg/buildbot/master.pyc
buildbot-0.8.5-py2.6.egg/buildbot/pbmanager.py
buildbot-0.8.5-py2.6.egg/buildbot/pbmanager.pyc
buildbot-0.8.5-py2.6.egg/buildbot/pbutil.py
buildbot-0.8.5-py2.6.egg/buildbot/pbutil.pyc
buildbot-0.8.5-py2.6.egg/buildbot/scheduler.py
buildbot-0.8.5-py2.6.egg/buildbot/scheduler.pyc
buildbot-0.8.5-py2.6.egg/buildbot/sourcestamp.py
buildbot-0.8.5-py2.6.egg/buildbot/sourcestamp.pyc
buildbot-0.8.5-py2.6.egg/buildbot/tags
buildbot-0.8.5-py2.6.egg/buildbot/trigger.html
buildbot-0.8.5-py2.6.egg/buildbot/changes/
buildbot-0.8.5-py2.6.egg/buildbot/changes/__init__.py
buildbot-0.8.5-py2.6.egg/buildbot/changes/__init__.pyc
buildbot-0.8.5-py2.6.egg/buildbot/changes/base.py
buildbot-0.8.5-py2.6.egg/buildbot/changes/base.pyc
buildbot-0.8.5-py2.6.egg/buildbot/changes/bonsaipoller.py
buildbot-0.8.5-py2.6.egg/buildbot/changes/bonsaipoller.pyc
buildbot-0.8.5-py2.6.egg/buildbot/changes/changes.py
buildbot-0.8.5-py2.6.egg/buildbot/changes/changes.pyc
buildbot-0.8.5-py2.6.egg/buildbot/changes/filter.py
buildbot-0.8.5-py2.6.egg/buildbot/changes/filter.pyc
buildbot-0.8.5-py2.6.egg/buildbot/changes/gerritchangesource.py
buildbot-0.8.5-py2.6.egg/buildbot/changes/gerritchangesource.pyc
buildbot-0.8.5-py2.6.egg/buildbot/changes/gitpoller.py
buildbot-0.8.5-py2.6.egg/buildbot/changes/gitpoller.pyc
buildbot-0.8.5-py2.6.egg/buildbot/changes/hgbuildbot.py
buildbot-0.8.5-py2.6.egg/buildbot/changes/hgbuildbot.pyc
buildbot-0.8.5-py2.6.egg/buildbot/changes/mail.py
buildbot-0.8.5-py2.6.egg/buildbot/changes/mail.pyc
buildbot-0.8.5-py2.6.egg/buildbot/changes/manager.py
buildbot-0.8.5-py2.6.egg/buildbot/changes/manager.pyc
buildbot-0.8.5-py2.6.egg/buildbot/changes/p4poller.py
buildbot-0.8.5-py2.6.egg/buildbot/changes/p4poller.pyc
buildbot-0.8.5-py2.6.egg/buildbot/changes/pb.py
buildbot-0.8.5-py2.6.egg/buildbot/changes/pb.pyc
buildbot-0.8.5-py2.6.egg/buildbot/changes/svnpoller.py
buildbot-0.8.5-py2.6.egg/buildbot/changes/svnpoller.pyc
buildbot-0.8.5-py2.6.egg/buildbot/clients/
buildbot-0.8.5-py2.6.egg/buildbot/clients/__init__.py
buildbot-0.8.5-py2.6.egg/buildbot/clients/__init__.pyc
buildbot-0.8.5-py2.6.egg/buildbot/clients/base.py
buildbot-0.8.5-py2.6.egg/buildbot/clients/base.pyc
buildbot-0.8.5-py2.6.egg/buildbot/clients/debug.glade
buildbot-0.8.5-py2.6.egg/buildbot/clients/debug.py
buildbot-0.8.5-py2.6.egg/buildbot/clients/debug.pyc
buildbot-0.8.5-py2.6.egg/buildbot/clients/gtkPanes.py
buildbot-0.8.5-py2.6.egg/buildbot/clients/gtkPanes.pyc
buildbot-0.8.5-py2.6.egg/buildbot/clients/sendchange.py
buildbot-0.8.5-py2.6.egg/buildbot/clients/sendchange.pyc
buildbot-0.8.5-py2.6.egg/buildbot/clients/tryclient.py
buildbot-0.8.5-py2.6.egg/buildbot/clients/tryclient.pyc
buildbot-0.8.5-py2.6.egg/buildbot/clients/usersclient.py
buildbot-0.8.5-py2.6.egg/buildbot/clients/usersclient.pyc
buildbot-0.8.5-py2.6.egg/buildbot/db/
buildbot-0.8.5-py2.6.egg/buildbot/db/__init__.py
buildbot-0.8.5-py2.6.egg/buildbot/db/__init__.pyc
buildbot-0.8.5-py2.6.egg/buildbot/db/base.py
buildbot-0.8.5-py2.6.egg/buildbot/db/base.pyc
buildbot-0.8.5-py2.6.egg/buildbot/db/buildrequests.py
buildbot-0.8.5-py2.6.egg/buildbot/db/buildrequests.pyc
buildbot-0.8.5-py2.6.egg/buildbot/db/builds.py
buildbot-0.8.5-py2.6.egg/buildbot/db/builds.pyc
buildbot-0.8.5-py2.6.egg/buildbot/db/buildsets.py
buildbot-0.8.5-py2.6.egg/buildbot/db/buildsets.pyc
buildbot-0.8.5-py2.6.egg/buildbot/db/changes.py
buildbot-0.8.5-py2.6.egg/buildbot/db/changes.pyc
buildbot-0.8.5-py2.6.egg/buildbot/db/connector.py
buildbot-0.8.5-py2.6.egg/buildbot/db/connector.pyc
buildbot-0.8.5-py2.6.egg/buildbot/db/enginestrategy.py
buildbot-0.8.5-py2.6.egg/buildbot/db/enginestrategy.pyc
buildbot-0.8.5-py2.6.egg/buildbot/db/exceptions.py
buildbot-0.8.5-py2.6.egg/buildbot/db/exceptions.pyc
buildbot-0.8.5-py2.6.egg/buildbot/db/model.py
buildbot-0.8.5-py2.6.egg/buildbot/db/model.pyc
buildbot-0.8.5-py2.6.egg/buildbot/db/pool.py
buildbot-0.8.5-py2.6.egg/buildbot/db/pool.pyc
buildbot-0.8.5-py2.6.egg/buildbot/db/schedulers.py
buildbot-0.8.5-py2.6.egg/buildbot/db/schedulers.pyc
buildbot-0.8.5-py2.6.egg/buildbot/db/sourcestamps.py
buildbot-0.8.5-py2.6.egg/buildbot/db/sourcestamps.pyc
buildbot-0.8.5-py2.6.egg/buildbot/db/state.py
buildbot-0.8.5-py2.6.egg/buildbot/db/state.pyc
buildbot-0.8.5-py2.6.egg/buildbot/db/user_real.py
buildbot-0.8.5-py2.6.egg/buildbot/db/user_real.pyc
buildbot-0.8.5-py2.6.egg/buildbot/db/users.py
buildbot-0.8.5-py2.6.egg/buildbot/db/users.pyc
buildbot-0.8.5-py2.6.egg/buildbot/db/migrate/
buildbot-0.8.5-py2.6.egg/buildbot/db/migrate/migrate.cfg
buildbot-0.8.5-py2.6.egg/buildbot/db/migrate/versions/
buildbot-0.8.5-py2.6.egg/buildbot/db/migrate/versions/001_initial.py
buildbot-0.8.5-py2.6.egg/buildbot/db/migrate/versions/001_initial.pyc
buildbot-0.8.5-py2.6.egg/buildbot/db/migrate/versions/002_add_proj_repo.py
buildbot-0.8.5-py2.6.egg/buildbot/db/migrate/versions/002_add_proj_repo.pyc
buildbot-0.8.5-py2.6.egg/buildbot/db/migrate/versions/003_scheduler_class_name.py
buildbot-0.8.5-py2.6.egg/buildbot/db/migrate/versions/003_scheduler_class_name.pyc
buildbot-0.8.5-py2.6.egg/buildbot/db/migrate/versions/004_add_autoincrement.py
buildbot-0.8.5-py2.6.egg/buildbot/db/migrate/versions/004_add_autoincrement.pyc
buildbot-0.8.5-py2.6.egg/buildbot/db/migrate/versions/005_add_indexes.py
buildbot-0.8.5-py2.6.egg/buildbot/db/migrate/versions/005_add_indexes.pyc
buildbot-0.8.5-py2.6.egg/buildbot/db/migrate/versions/006_drop_last_access.py
buildbot-0.8.5-py2.6.egg/buildbot/db/migrate/versions/006_drop_last_access.pyc
buildbot-0.8.5-py2.6.egg/buildbot/db/migrate/versions/007_add_object_tables.py
buildbot-0.8.5-py2.6.egg/buildbot/db/migrate/versions/007_add_object_tables.pyc
buildbot-0.8.5-py2.6.egg/buildbot/db/migrate/versions/008_add_scheduler_changes_index.py
buildbot-0.8.5-py2.6.egg/buildbot/db/migrate/versions/008_add_scheduler_changes_index.pyc
buildbot-0.8.5-py2.6.egg/buildbot/db/migrate/versions/009_add_patch_author.py
buildbot-0.8.5-py2.6.egg/buildbot/db/migrate/versions/009_add_patch_author.pyc
buildbot-0.8.5-py2.6.egg/buildbot/db/migrate/versions/010_fix_column_lengths.py
buildbot-0.8.5-py2.6.egg/buildbot/db/migrate/versions/010_fix_column_lengths.pyc
buildbot-0.8.5-py2.6.egg/buildbot/db/migrate/versions/011_add_buildrequest_claims.py
buildbot-0.8.5-py2.6.egg/buildbot/db/migrate/versions/011_add_buildrequest_claims.pyc
buildbot-0.8.5-py2.6.egg/buildbot/db/migrate/versions/012_add_users_table.py
buildbot-0.8.5-py2.6.egg/buildbot/db/migrate/versions/012_add_users_table.pyc
buildbot-0.8.5-py2.6.egg/buildbot/db/migrate/versions/013_remove_schedulers_state_column.py
buildbot-0.8.5-py2.6.egg/buildbot/db/migrate/versions/013_remove_schedulers_state_column.pyc
buildbot-0.8.5-py2.6.egg/buildbot/db/migrate/versions/014_add_users_userpass_columns.py
buildbot-0.8.5-py2.6.egg/buildbot/db/migrate/versions/014_add_users_userpass_columns.pyc
buildbot-0.8.5-py2.6.egg/buildbot/db/migrate/versions/__init__.py
buildbot-0.8.5-py2.6.egg/buildbot/db/migrate/versions/__init__.pyc
buildbot-0.8.5-py2.6.egg/buildbot/monkeypatches/
buildbot-0.8.5-py2.6.egg/buildbot/monkeypatches/__init__.py
buildbot-0.8.5-py2.6.egg/buildbot/monkeypatches/__init__.pyc
buildbot-0.8.5-py2.6.egg/buildbot/monkeypatches/bug4881.py
buildbot-0.8.5-py2.6.egg/buildbot/monkeypatches/bug4881.pyc
buildbot-0.8.5-py2.6.egg/buildbot/monkeypatches/bug5079.py
buildbot-0.8.5-py2.6.egg/buildbot/monkeypatches/bug5079.pyc
buildbot-0.8.5-py2.6.egg/buildbot/process/
buildbot-0.8.5-py2.6.egg/buildbot/process/__init__.py
buildbot-0.8.5-py2.6.egg/buildbot/process/__init__.pyc
buildbot-0.8.5-py2.6.egg/buildbot/process/base.py
buildbot-0.8.5-py2.6.egg/buildbot/process/base.pyc
buildbot-0.8.5-py2.6.egg/buildbot/process/botmaster.py
buildbot-0.8.5-py2.6.egg/buildbot/process/botmaster.pyc
buildbot-0.8.5-py2.6.egg/buildbot/process/build.py
buildbot-0.8.5-py2.6.egg/buildbot/process/build.pyc
buildbot-0.8.5-py2.6.egg/buildbot/process/builder.py
buildbot-0.8.5-py2.6.egg/buildbot/process/builder.pyc
buildbot-0.8.5-py2.6.egg/buildbot/process/buildrequest.py
buildbot-0.8.5-py2.6.egg/buildbot/process/buildrequest.pyc
buildbot-0.8.5-py2.6.egg/buildbot/process/buildstep.py
buildbot-0.8.5-py2.6.egg/buildbot/process/buildstep.pyc
buildbot-0.8.5-py2.6.egg/buildbot/process/cache.py
buildbot-0.8.5-py2.6.egg/buildbot/process/cache.pyc
buildbot-0.8.5-py2.6.egg/buildbot/process/debug.py
buildbot-0.8.5-py2.6.egg/buildbot/process/debug.pyc
buildbot-0.8.5-py2.6.egg/buildbot/process/factory.py
buildbot-0.8.5-py2.6.egg/buildbot/process/factory.pyc
buildbot-0.8.5-py2.6.egg/buildbot/process/metrics.py
buildbot-0.8.5-py2.6.egg/buildbot/process/metrics.pyc
buildbot-0.8.5-py2.6.egg/buildbot/process/mtrlogobserver.py
buildbot-0.8.5-py2.6.egg/buildbot/process/mtrlogobserver.pyc
buildbot-0.8.5-py2.6.egg/buildbot/process/properties.py
buildbot-0.8.5-py2.6.egg/buildbot/process/properties.pyc
buildbot-0.8.5-py2.6.egg/buildbot/process/slavebuilder.py
buildbot-0.8.5-py2.6.egg/buildbot/process/slavebuilder.pyc
buildbot-0.8.5-py2.6.egg/buildbot/process/subunitlogobserver.py
buildbot-0.8.5-py2.6.egg/buildbot/process/subunitlogobserver.pyc
buildbot-0.8.5-py2.6.egg/buildbot/process/users/
buildbot-0.8.5-py2.6.egg/buildbot/process/users/__init__.py
buildbot-0.8.5-py2.6.egg/buildbot/process/users/__init__.pyc
buildbot-0.8.5-py2.6.egg/buildbot/process/users/manager.py
buildbot-0.8.5-py2.6.egg/buildbot/process/users/manager.pyc
buildbot-0.8.5-py2.6.egg/buildbot/process/users/manual.py
buildbot-0.8.5-py2.6.egg/buildbot/process/users/manual.pyc
buildbot-0.8.5-py2.6.egg/buildbot/process/users/users.py
buildbot-0.8.5-py2.6.egg/buildbot/process/users/users.pyc
buildbot-0.8.5-py2.6.egg/buildbot/schedulers/
buildbot-0.8.5-py2.6.egg/buildbot/schedulers/__init__.py
buildbot-0.8.5-py2.6.egg/buildbot/schedulers/__init__.pyc
buildbot-0.8.5-py2.6.egg/buildbot/schedulers/base.py
buildbot-0.8.5-py2.6.egg/buildbot/schedulers/base.pyc
buildbot-0.8.5-py2.6.egg/buildbot/schedulers/basic.py
buildbot-0.8.5-py2.6.egg/buildbot/schedulers/basic.pyc
buildbot-0.8.5-py2.6.egg/buildbot/schedulers/dependent.py
buildbot-0.8.5-py2.6.egg/buildbot/schedulers/dependent.pyc
buildbot-0.8.5-py2.6.egg/buildbot/schedulers/filter.py
buildbot-0.8.5-py2.6.egg/buildbot/schedulers/filter.pyc
buildbot-0.8.5-py2.6.egg/buildbot/schedulers/manager.py
buildbot-0.8.5-py2.6.egg/buildbot/schedulers/manager.pyc
buildbot-0.8.5-py2.6.egg/buildbot/schedulers/timed.py
buildbot-0.8.5-py2.6.egg/buildbot/schedulers/timed.pyc
buildbot-0.8.5-py2.6.egg/buildbot/schedulers/triggerable.py
buildbot-0.8.5-py2.6.egg/buildbot/schedulers/triggerable.pyc
buildbot-0.8.5-py2.6.egg/buildbot/schedulers/trysched.py
buildbot-0.8.5-py2.6.egg/buildbot/schedulers/trysched.pyc
buildbot-0.8.5-py2.6.egg/buildbot/scripts/
buildbot-0.8.5-py2.6.egg/buildbot/scripts/.runner.py.swp
buildbot-0.8.5-py2.6.egg/buildbot/scripts/__init__.py
buildbot-0.8.5-py2.6.egg/buildbot/scripts/__init__.pyc
buildbot-0.8.5-py2.6.egg/buildbot/scripts/buildbot
buildbot-0.8.5-py2.6.egg/buildbot/scripts/checkconfig.py
buildbot-0.8.5-py2.6.egg/buildbot/scripts/checkconfig.pyc
buildbot-0.8.5-py2.6.egg/buildbot/scripts/logwatcher.py
buildbot-0.8.5-py2.6.egg/buildbot/scripts/logwatcher.pyc
buildbot-0.8.5-py2.6.egg/buildbot/scripts/reconfig.py
buildbot-0.8.5-py2.6.egg/buildbot/scripts/reconfig.pyc
buildbot-0.8.5-py2.6.egg/buildbot/scripts/runner.py
buildbot-0.8.5-py2.6.egg/buildbot/scripts/runner.pyc
buildbot-0.8.5-py2.6.egg/buildbot/scripts/sample.cfg
buildbot-0.8.5-py2.6.egg/buildbot/scripts/startup.py
buildbot-0.8.5-py2.6.egg/buildbot/scripts/startup.pyc
buildbot-0.8.5-py2.6.egg/buildbot/status/
buildbot-0.8.5-py2.6.egg/buildbot/status/__init__.py
buildbot-0.8.5-py2.6.egg/buildbot/status/__init__.pyc
buildbot-0.8.5-py2.6.egg/buildbot/status/base.py
buildbot-0.8.5-py2.6.egg/buildbot/status/base.pyc
buildbot-0.8.5-py2.6.egg/buildbot/status/build.py
buildbot-0.8.5-py2.6.egg/buildbot/status/build.pyc
buildbot-0.8.5-py2.6.egg/buildbot/status/builder.py
buildbot-0.8.5-py2.6.egg/buildbot/status/builder.pyc
buildbot-0.8.5-py2.6.egg/buildbot/status/buildrequest.py
buildbot-0.8.5-py2.6.egg/buildbot/status/buildrequest.pyc
buildbot-0.8.5-py2.6.egg/buildbot/status/buildset.py
buildbot-0.8.5-py2.6.egg/buildbot/status/buildset.pyc
buildbot-0.8.5-py2.6.egg/buildbot/status/buildstep.py
buildbot-0.8.5-py2.6.egg/buildbot/status/buildstep.pyc
buildbot-0.8.5-py2.6.egg/buildbot/status/client.py
buildbot-0.8.5-py2.6.egg/buildbot/status/client.pyc
buildbot-0.8.5-py2.6.egg/buildbot/status/dailybuild.py
buildbot-0.8.5-py2.6.egg/buildbot/status/event.py
buildbot-0.8.5-py2.6.egg/buildbot/status/event.pyc
buildbot-0.8.5-py2.6.egg/buildbot/status/html.py
buildbot-0.8.5-py2.6.egg/buildbot/status/html.pyc
buildbot-0.8.5-py2.6.egg/buildbot/status/logfile.py
buildbot-0.8.5-py2.6.egg/buildbot/status/logfile.pyc
buildbot-0.8.5-py2.6.egg/buildbot/status/mail.py
buildbot-0.8.5-py2.6.egg/buildbot/status/mail.pyc
buildbot-0.8.5-py2.6.egg/buildbot/status/master.py
buildbot-0.8.5-py2.6.egg/buildbot/status/master.pyc
buildbot-0.8.5-py2.6.egg/buildbot/status/persistent_queue.py
buildbot-0.8.5-py2.6.egg/buildbot/status/persistent_queue.pyc
buildbot-0.8.5-py2.6.egg/buildbot/status/progress.py
buildbot-0.8.5-py2.6.egg/buildbot/status/progress.pyc
buildbot-0.8.5-py2.6.egg/buildbot/status/results.py
buildbot-0.8.5-py2.6.egg/buildbot/status/results.pyc
buildbot-0.8.5-py2.6.egg/buildbot/status/slave.py
buildbot-0.8.5-py2.6.egg/buildbot/status/slave.pyc
buildbot-0.8.5-py2.6.egg/buildbot/status/status_gerrit.py
buildbot-0.8.5-py2.6.egg/buildbot/status/status_gerrit.pyc
buildbot-0.8.5-py2.6.egg/buildbot/status/status_push.py
buildbot-0.8.5-py2.6.egg/buildbot/status/status_push.pyc
buildbot-0.8.5-py2.6.egg/buildbot/status/testresult.py
buildbot-0.8.5-py2.6.egg/buildbot/status/testresult.pyc
buildbot-0.8.5-py2.6.egg/buildbot/status/tinderbox.py
buildbot-0.8.5-py2.6.egg/buildbot/status/tinderbox.pyc
buildbot-0.8.5-py2.6.egg/buildbot/status/words.py
buildbot-0.8.5-py2.6.egg/buildbot/status/words.pyc
buildbot-0.8.5-py2.6.egg/buildbot/status/web/
buildbot-0.8.5-py2.6.egg/buildbot/status/web/.gitigonre
buildbot-0.8.5-py2.6.egg/buildbot/status/web/__init__.py
buildbot-0.8.5-py2.6.egg/buildbot/status/web/__init__.pyc
buildbot-0.8.5-py2.6.egg/buildbot/status/web/about.py
buildbot-0.8.5-py2.6.egg/buildbot/status/web/about.pyc
buildbot-0.8.5-py2.6.egg/buildbot/status/web/auth.py
buildbot-0.8.5-py2.6.egg/buildbot/status/web/auth.pyc
buildbot-0.8.5-py2.6.egg/buildbot/status/web/authz.py
buildbot-0.8.5-py2.6.egg/buildbot/status/web/authz.pyc
buildbot-0.8.5-py2.6.egg/buildbot/status/web/autobuild.py
buildbot-0.8.5-py2.6.egg/buildbot/status/web/autobuild.pyc
buildbot-0.8.5-py2.6.egg/buildbot/status/web/base.py
buildbot-0.8.5-py2.6.egg/buildbot/status/web/base.py.base
buildbot-0.8.5-py2.6.egg/buildbot/status/web/base.pyc
buildbot-0.8.5-py2.6.egg/buildbot/status/web/baseweb.py
buildbot-0.8.5-py2.6.egg/buildbot/status/web/baseweb.pyc
buildbot-0.8.5-py2.6.egg/buildbot/status/web/branchquery.py
buildbot-0.8.5-py2.6.egg/buildbot/status/web/branchquery.py.base
buildbot-0.8.5-py2.6.egg/buildbot/status/web/branchquery.pyc
buildbot-0.8.5-py2.6.egg/buildbot/status/web/build.py
buildbot-0.8.5-py2.6.egg/buildbot/status/web/build.pyc
buildbot-0.8.5-py2.6.egg/buildbot/status/web/builder.py
buildbot-0.8.5-py2.6.egg/buildbot/status/web/builder.pyc
buildbot-0.8.5-py2.6.egg/buildbot/status/web/buildstatus.py
buildbot-0.8.5-py2.6.egg/buildbot/status/web/buildstatus.pyc
buildbot-0.8.5-py2.6.egg/buildbot/status/web/change_hook.py
buildbot-0.8.5-py2.6.egg/buildbot/status/web/change_hook.pyc
buildbot-0.8.5-py2.6.egg/buildbot/status/web/changes.py
buildbot-0.8.5-py2.6.egg/buildbot/status/web/changes.pyc
buildbot-0.8.5-py2.6.egg/buildbot/status/web/configdailybuild.py
buildbot-0.8.5-py2.6.egg/buildbot/status/web/configdailybuild.pyc
buildbot-0.8.5-py2.6.egg/buildbot/status/web/console.py
buildbot-0.8.5-py2.6.egg/buildbot/status/web/console.pyc
buildbot-0.8.5-py2.6.egg/buildbot/status/web/dailybuild.py
buildbot-0.8.5-py2.6.egg/buildbot/status/web/dailybuild.pyc
buildbot-0.8.5-py2.6.egg/buildbot/status/web/feeds.py
buildbot-0.8.5-py2.6.egg/buildbot/status/web/feeds.pyc
buildbot-0.8.5-py2.6.egg/buildbot/status/web/grid.py
buildbot-0.8.5-py2.6.egg/buildbot/status/web/grid.pyc
buildbot-0.8.5-py2.6.egg/buildbot/status/web/login.py
buildbot-0.8.5-py2.6.egg/buildbot/status/web/login.pyc
buildbot-0.8.5-py2.6.egg/buildbot/status/web/logs.py
buildbot-0.8.5-py2.6.egg/buildbot/status/web/logs.pyc
buildbot-0.8.5-py2.6.egg/buildbot/status/web/olpb.py
buildbot-0.8.5-py2.6.egg/buildbot/status/web/olpb.pyc
buildbot-0.8.5-py2.6.egg/buildbot/status/web/query.py
buildbot-0.8.5-py2.6.egg/buildbot/status/web/query.pyc
buildbot-0.8.5-py2.6.egg/buildbot/status/web/root.py
buildbot-0.8.5-py2.6.egg/buildbot/status/web/root.pyc
buildbot-0.8.5-py2.6.egg/buildbot/status/web/sandbox.IAB
buildbot-0.8.5-py2.6.egg/buildbot/status/web/slaves.py
buildbot-0.8.5-py2.6.egg/buildbot/status/web/slaves.pyc
buildbot-0.8.5-py2.6.egg/buildbot/status/web/status_json.py
buildbot-0.8.5-py2.6.egg/buildbot/status/web/status_json.pyc
buildbot-0.8.5-py2.6.egg/buildbot/status/web/step.py
buildbot-0.8.5-py2.6.egg/buildbot/status/web/step.pyc
buildbot-0.8.5-py2.6.egg/buildbot/status/web/test.py
buildbot-0.8.5-py2.6.egg/buildbot/status/web/test.pyc
buildbot-0.8.5-py2.6.egg/buildbot/status/web/tests.py
buildbot-0.8.5-py2.6.egg/buildbot/status/web/tests.pyc
buildbot-0.8.5-py2.6.egg/buildbot/status/web/trigger.py
buildbot-0.8.5-py2.6.egg/buildbot/status/web/trigger.py.base
buildbot-0.8.5-py2.6.egg/buildbot/status/web/trigger.pyc
buildbot-0.8.5-py2.6.egg/buildbot/status/web/users.py
buildbot-0.8.5-py2.6.egg/buildbot/status/web/users.pyc
buildbot-0.8.5-py2.6.egg/buildbot/status/web/waterfall.py
buildbot-0.8.5-py2.6.egg/buildbot/status/web/waterfall.pyc
buildbot-0.8.5-py2.6.egg/buildbot/status/web/waterfall.pyc1
buildbot-0.8.5-py2.6.egg/buildbot/status/web/files/
buildbot-0.8.5-py2.6.egg/buildbot/status/web/files/bg_gradient.jpg
buildbot-0.8.5-py2.6.egg/buildbot/status/web/files/default.css
buildbot-0.8.5-py2.6.egg/buildbot/status/web/files/favicon.ico
buildbot-0.8.5-py2.6.egg/buildbot/status/web/files/robots.txt
buildbot-0.8.5-py2.6.egg/buildbot/status/web/hooks/
buildbot-0.8.5-py2.6.egg/buildbot/status/web/hooks/__init__.py
buildbot-0.8.5-py2.6.egg/buildbot/status/web/hooks/__init__.pyc
buildbot-0.8.5-py2.6.egg/buildbot/status/web/hooks/base.py
buildbot-0.8.5-py2.6.egg/buildbot/status/web/hooks/base.pyc
buildbot-0.8.5-py2.6.egg/buildbot/status/web/hooks/github.py
buildbot-0.8.5-py2.6.egg/buildbot/status/web/hooks/github.pyc
buildbot-0.8.5-py2.6.egg/buildbot/status/web/templates/
buildbot-0.8.5-py2.6.egg/buildbot/status/web/templates/.config_dailybuild.html.swp
buildbot-0.8.5-py2.6.egg/buildbot/status/web/templates/.py
buildbot-0.8.5-py2.6.egg/buildbot/status/web/templates/about.html
buildbot-0.8.5-py2.6.egg/buildbot/status/web/templates/authfail.html
buildbot-0.8.5-py2.6.egg/buildbot/status/web/templates/box_macros.html
buildbot-0.8.5-py2.6.egg/buildbot/status/web/templates/branchquery.html
buildbot-0.8.5-py2.6.egg/buildbot/status/web/templates/branchquery.html.base
buildbot-0.8.5-py2.6.egg/buildbot/status/web/templates/branchquerymain.html
buildbot-0.8.5-py2.6.egg/buildbot/status/web/templates/build.html
buildbot-0.8.5-py2.6.egg/buildbot/status/web/templates/build.js
buildbot-0.8.5-py2.6.egg/buildbot/status/web/templates/build_line.html
buildbot-0.8.5-py2.6.egg/buildbot/status/web/templates/buildbot.js
buildbot-0.8.5-py2.6.egg/buildbot/status/web/templates/builder.html
buildbot-0.8.5-py2.6.egg/buildbot/status/web/templates/builders.html
buildbot-0.8.5-py2.6.egg/buildbot/status/web/templates/buildslave.html
buildbot-0.8.5-py2.6.egg/buildbot/status/web/templates/buildslaves.html
buildbot-0.8.5-py2.6.egg/buildbot/status/web/templates/buildstatus.html
buildbot-0.8.5-py2.6.egg/buildbot/status/web/templates/buildstep.html
buildbot-0.8.5-py2.6.egg/buildbot/status/web/templates/change.html
buildbot-0.8.5-py2.6.egg/buildbot/status/web/templates/change_macros.html
buildbot-0.8.5-py2.6.egg/buildbot/status/web/templates/change_sources.html
buildbot-0.8.5-py2.6.egg/buildbot/status/web/templates/config_dailybuild.html
buildbot-0.8.5-py2.6.egg/buildbot/status/web/templates/console.html
buildbot-0.8.5-py2.6.egg/buildbot/status/web/templates/daily_build.html
buildbot-0.8.5-py2.6.egg/buildbot/status/web/templates/dailybuild.html
buildbot-0.8.5-py2.6.egg/buildbot/status/web/templates/directory.html
buildbot-0.8.5-py2.6.egg/buildbot/status/web/templates/empty.html
buildbot-0.8.5-py2.6.egg/buildbot/status/web/templates/feed_atom10.xml
buildbot-0.8.5-py2.6.egg/buildbot/status/web/templates/feed_description.html
buildbot-0.8.5-py2.6.egg/buildbot/status/web/templates/feed_rss20.xml
buildbot-0.8.5-py2.6.egg/buildbot/status/web/templates/footer.html
buildbot-0.8.5-py2.6.egg/buildbot/status/web/templates/forms.html
buildbot-0.8.5-py2.6.egg/buildbot/status/web/templates/grid.html
buildbot-0.8.5-py2.6.egg/buildbot/status/web/templates/grid_macros.html
buildbot-0.8.5-py2.6.egg/buildbot/status/web/templates/grid_transposed.html
buildbot-0.8.5-py2.6.egg/buildbot/status/web/templates/jsonhelp.html
buildbot-0.8.5-py2.6.egg/buildbot/status/web/templates/layout.html
buildbot-0.8.5-py2.6.egg/buildbot/status/web/templates/login.html
buildbot-0.8.5-py2.6.egg/buildbot/status/web/templates/login1.html
buildbot-0.8.5-py2.6.egg/buildbot/status/web/templates/logs.html
buildbot-0.8.5-py2.6.egg/buildbot/status/web/templates/onelineperbuild.html
buildbot-0.8.5-py2.6.egg/buildbot/status/web/templates/onelineperbuildonebuilder.html
buildbot-0.8.5-py2.6.egg/buildbot/status/web/templates/query.html
buildbot-0.8.5-py2.6.egg/buildbot/status/web/templates/query2.html
buildbot-0.8.5-py2.6.egg/buildbot/status/web/templates/revmacros.html
buildbot-0.8.5-py2.6.egg/buildbot/status/web/templates/root.html
buildbot-0.8.5-py2.6.egg/buildbot/status/web/templates/testresult.html
buildbot-0.8.5-py2.6.egg/buildbot/status/web/templates/trigger.html
buildbot-0.8.5-py2.6.egg/buildbot/status/web/templates/trigger1.html
buildbot-0.8.5-py2.6.egg/buildbot/status/web/templates/trigger3.html
buildbot-0.8.5-py2.6.egg/buildbot/status/web/templates/user.html
buildbot-0.8.5-py2.6.egg/buildbot/status/web/templates/users.html
buildbot-0.8.5-py2.6.egg/buildbot/status/web/templates/users_table.html
buildbot-0.8.5-py2.6.egg/buildbot/status/web/templates/waterfall.html
buildbot-0.8.5-py2.6.egg/buildbot/status/web/templates/waterfallhelp.html
buildbot-0.8.5-py2.6.egg/buildbot/steps/
buildbot-0.8.5-py2.6.egg/buildbot/steps/__init__.py
buildbot-0.8.5-py2.6.egg/buildbot/steps/__init__.pyc
buildbot-0.8.5-py2.6.egg/buildbot/steps/blocker.py
buildbot-0.8.5-py2.6.egg/buildbot/steps/blocker.pyc
buildbot-0.8.5-py2.6.egg/buildbot/steps/master.py
buildbot-0.8.5-py2.6.egg/buildbot/steps/master.pyc
buildbot-0.8.5-py2.6.egg/buildbot/steps/maxq.py
buildbot-0.8.5-py2.6.egg/buildbot/steps/maxq.pyc
buildbot-0.8.5-py2.6.egg/buildbot/steps/python.py
buildbot-0.8.5-py2.6.egg/buildbot/steps/python.pyc
buildbot-0.8.5-py2.6.egg/buildbot/steps/python_twisted.py
buildbot-0.8.5-py2.6.egg/buildbot/steps/python_twisted.pyc
buildbot-0.8.5-py2.6.egg/buildbot/steps/shell.py
buildbot-0.8.5-py2.6.egg/buildbot/steps/shell.pyc
buildbot-0.8.5-py2.6.egg/buildbot/steps/slave.py
buildbot-0.8.5-py2.6.egg/buildbot/steps/slave.pyc
buildbot-0.8.5-py2.6.egg/buildbot/steps/subunit.py
buildbot-0.8.5-py2.6.egg/buildbot/steps/subunit.pyc
buildbot-0.8.5-py2.6.egg/buildbot/steps/transfer.py
buildbot-0.8.5-py2.6.egg/buildbot/steps/transfer.pyc
buildbot-0.8.5-py2.6.egg/buildbot/steps/trigger.py
buildbot-0.8.5-py2.6.egg/buildbot/steps/trigger.pyc
buildbot-0.8.5-py2.6.egg/buildbot/steps/vstudio.py
buildbot-0.8.5-py2.6.egg/buildbot/steps/vstudio.pyc
buildbot-0.8.5-py2.6.egg/buildbot/steps/package/
buildbot-0.8.5-py2.6.egg/buildbot/steps/package/__init__.py
buildbot-0.8.5-py2.6.egg/buildbot/steps/package/__init__.pyc
buildbot-0.8.5-py2.6.egg/buildbot/steps/package/rpm/
buildbot-0.8.5-py2.6.egg/buildbot/steps/package/rpm/__init__.py
buildbot-0.8.5-py2.6.egg/buildbot/steps/package/rpm/__init__.pyc
buildbot-0.8.5-py2.6.egg/buildbot/steps/package/rpm/rpmbuild.py
buildbot-0.8.5-py2.6.egg/buildbot/steps/package/rpm/rpmbuild.pyc
buildbot-0.8.5-py2.6.egg/buildbot/steps/package/rpm/rpmlint.py
buildbot-0.8.5-py2.6.egg/buildbot/steps/package/rpm/rpmlint.pyc
buildbot-0.8.5-py2.6.egg/buildbot/steps/package/rpm/rpmspec.py
buildbot-0.8.5-py2.6.egg/buildbot/steps/package/rpm/rpmspec.pyc
buildbot-0.8.5-py2.6.egg/buildbot/steps/source/
buildbot-0.8.5-py2.6.egg/buildbot/steps/source/__init__.py
buildbot-0.8.5-py2.6.egg/buildbot/steps/source/__init__.pyc
buildbot-0.8.5-py2.6.egg/buildbot/steps/source/bzr.py
buildbot-0.8.5-py2.6.egg/buildbot/steps/source/bzr.pyc
buildbot-0.8.5-py2.6.egg/buildbot/steps/source/cvs.py
buildbot-0.8.5-py2.6.egg/buildbot/steps/source/cvs.pyc
buildbot-0.8.5-py2.6.egg/buildbot/steps/source/git.py
buildbot-0.8.5-py2.6.egg/buildbot/steps/source/git.pyc
buildbot-0.8.5-py2.6.egg/buildbot/steps/source/git_marvell.py
buildbot-0.8.5-py2.6.egg/buildbot/steps/source/git_marvell.pyc
buildbot-0.8.5-py2.6.egg/buildbot/steps/source/git_yfshi1.py
buildbot-0.8.5-py2.6.egg/buildbot/steps/source/git_yfshi1.pyc
buildbot-0.8.5-py2.6.egg/buildbot/steps/source/mercurial.py
buildbot-0.8.5-py2.6.egg/buildbot/steps/source/mercurial.pyc
buildbot-0.8.5-py2.6.egg/buildbot/steps/source/oldsource.py
buildbot-0.8.5-py2.6.egg/buildbot/steps/source/oldsource.pyc
buildbot-0.8.5-py2.6.egg/buildbot/steps/source/svn.py
buildbot-0.8.5-py2.6.egg/buildbot/steps/source/svn.pyc
buildbot-0.8.5-py2.6.egg/buildbot/test/
buildbot-0.8.5-py2.6.egg/buildbot/test/__init__.py
buildbot-0.8.5-py2.6.egg/buildbot/test/__init__.pyc
buildbot-0.8.5-py2.6.egg/buildbot/test/test_extra_coverage.py
buildbot-0.8.5-py2.6.egg/buildbot/test/test_extra_coverage.pyc
buildbot-0.8.5-py2.6.egg/buildbot/test/fake/
buildbot-0.8.5-py2.6.egg/buildbot/test/fake/__init__.py
buildbot-0.8.5-py2.6.egg/buildbot/test/fake/__init__.pyc
buildbot-0.8.5-py2.6.egg/buildbot/test/fake/fakebuild.py
buildbot-0.8.5-py2.6.egg/buildbot/test/fake/fakebuild.pyc
buildbot-0.8.5-py2.6.egg/buildbot/test/fake/fakedb.py
buildbot-0.8.5-py2.6.egg/buildbot/test/fake/fakedb.pyc
buildbot-0.8.5-py2.6.egg/buildbot/test/fake/fakemaster.py
buildbot-0.8.5-py2.6.egg/buildbot/test/fake/fakemaster.pyc
buildbot-0.8.5-py2.6.egg/buildbot/test/fake/remotecommand.py
buildbot-0.8.5-py2.6.egg/buildbot/test/fake/remotecommand.pyc
buildbot-0.8.5-py2.6.egg/buildbot/test/fake/state.py
buildbot-0.8.5-py2.6.egg/buildbot/test/fake/state.pyc
buildbot-0.8.5-py2.6.egg/buildbot/test/fake/web.py
buildbot-0.8.5-py2.6.egg/buildbot/test/fake/web.pyc
buildbot-0.8.5-py2.6.egg/buildbot/test/regressions/
buildbot-0.8.5-py2.6.egg/buildbot/test/regressions/__init__.py
buildbot-0.8.5-py2.6.egg/buildbot/test/regressions/__init__.pyc
buildbot-0.8.5-py2.6.egg/buildbot/test/regressions/test_bad_change_properties_rows.py
buildbot-0.8.5-py2.6.egg/buildbot/test/regressions/test_bad_change_properties_rows.pyc
buildbot-0.8.5-py2.6.egg/buildbot/test/regressions/test_import_unicode_changes.py
buildbot-0.8.5-py2.6.egg/buildbot/test/regressions/test_import_unicode_changes.pyc
buildbot-0.8.5-py2.6.egg/buildbot/test/regressions/test_oldpaths.py
buildbot-0.8.5-py2.6.egg/buildbot/test/regressions/test_oldpaths.pyc
buildbot-0.8.5-py2.6.egg/buildbot/test/regressions/test_shell_command_properties.py
buildbot-0.8.5-py2.6.egg/buildbot/test/regressions/test_shell_command_properties.pyc
buildbot-0.8.5-py2.6.egg/buildbot/test/regressions/test_sourcestamp_revision.py
buildbot-0.8.5-py2.6.egg/buildbot/test/regressions/test_sourcestamp_revision.pyc
buildbot-0.8.5-py2.6.egg/buildbot/test/regressions/test_steps_shell_WarningCountingShellCommand.py
buildbot-0.8.5-py2.6.egg/buildbot/test/regressions/test_steps_shell_WarningCountingShellCommand.pyc
buildbot-0.8.5-py2.6.egg/buildbot/test/regressions/test_unpickling.py
buildbot-0.8.5-py2.6.egg/buildbot/test/regressions/test_unpickling.pyc
buildbot-0.8.5-py2.6.egg/buildbot/test/unit/
buildbot-0.8.5-py2.6.egg/buildbot/test/unit/__init__.py
buildbot-0.8.5-py2.6.egg/buildbot/test/unit/__init__.pyc
buildbot-0.8.5-py2.6.egg/buildbot/test/unit/test_blocker.py
buildbot-0.8.5-py2.6.egg/buildbot/test/unit/test_blocker.pyc
buildbot-0.8.5-py2.6.egg/buildbot/test/unit/test_buildslave.py
buildbot-0.8.5-py2.6.egg/buildbot/test/unit/test_buildslave.pyc
buildbot-0.8.5-py2.6.egg/buildbot/test/unit/test_changes_base.py
buildbot-0.8.5-py2.6.egg/buildbot/test/unit/test_changes_base.pyc
buildbot-0.8.5-py2.6.egg/buildbot/test/unit/test_changes_bonsaipoller.py
buildbot-0.8.5-py2.6.egg/buildbot/test/unit/test_changes_bonsaipoller.pyc
buildbot-0.8.5-py2.6.egg/buildbot/test/unit/test_changes_filter.py
buildbot-0.8.5-py2.6.egg/buildbot/test/unit/test_changes_filter.pyc
buildbot-0.8.5-py2.6.egg/buildbot/test/unit/test_changes_gerritchangesource.py
buildbot-0.8.5-py2.6.egg/buildbot/test/unit/test_changes_gerritchangesource.pyc
buildbot-0.8.5-py2.6.egg/buildbot/test/unit/test_changes_gitpoller.py
buildbot-0.8.5-py2.6.egg/buildbot/test/unit/test_changes_gitpoller.pyc
buildbot-0.8.5-py2.6.egg/buildbot/test/unit/test_changes_mail.py
buildbot-0.8.5-py2.6.egg/buildbot/test/unit/test_changes_mail.pyc
buildbot-0.8.5-py2.6.egg/buildbot/test/unit/test_changes_mail_CVSMaildirSource.py
buildbot-0.8.5-py2.6.egg/buildbot/test/unit/test_changes_mail_CVSMaildirSource.pyc
buildbot-0.8.5-py2.6.egg/buildbot/test/unit/test_changes_manager.py
buildbot-0.8.5-py2.6.egg/buildbot/test/unit/test_changes_manager.pyc
buildbot-0.8.5-py2.6.egg/buildbot/test/unit/test_changes_p4poller.py
buildbot-0.8.5-py2.6.egg/buildbot/test/unit/test_changes_p4poller.pyc
buildbot-0.8.5-py2.6.egg/buildbot/test/unit/test_changes_pb.py
buildbot-0.8.5-py2.6.egg/buildbot/test/unit/test_changes_pb.pyc
buildbot-0.8.5-py2.6.egg/buildbot/test/unit/test_changes_svnpoller.py
buildbot-0.8.5-py2.6.egg/buildbot/test/unit/test_changes_svnpoller.pyc
buildbot-0.8.5-py2.6.egg/buildbot/test/unit/test_clients_sendchange.py
buildbot-0.8.5-py2.6.egg/buildbot/test/unit/test_clients_sendchange.pyc
buildbot-0.8.5-py2.6.egg/buildbot/test/unit/test_clients_usersclient.py
buildbot-0.8.5-py2.6.egg/buildbot/test/unit/test_clients_usersclient.pyc
buildbot-0.8.5-py2.6.egg/buildbot/test/unit/test_contrib_buildbot_cvs_mail.py
buildbot-0.8.5-py2.6.egg/buildbot/test/unit/test_contrib_buildbot_cvs_mail.pyc
buildbot-0.8.5-py2.6.egg/buildbot/test/unit/test_db_base.py
buildbot-0.8.5-py2.6.egg/buildbot/test/unit/test_db_base.pyc
buildbot-0.8.5-py2.6.egg/buildbot/test/unit/test_db_buildrequests.py
buildbot-0.8.5-py2.6.egg/buildbot/test/unit/test_db_buildrequests.pyc
buildbot-0.8.5-py2.6.egg/buildbot/test/unit/test_db_builds.py
buildbot-0.8.5-py2.6.egg/buildbot/test/unit/test_db_builds.pyc
buildbot-0.8.5-py2.6.egg/buildbot/test/unit/test_db_buildsets.py
buildbot-0.8.5-py2.6.egg/buildbot/test/unit/test_db_buildsets.pyc
buildbot-0.8.5-py2.6.egg/buildbot/test/unit/test_db_changes.py
buildbot-0.8.5-py2.6.egg/buildbot/test/unit/test_db_changes.pyc
buildbot-0.8.5-py2.6.egg/buildbot/test/unit/test_db_connector.py
buildbot-0.8.5-py2.6.egg/buildbot/test/unit/test_db_connector.pyc
buildbot-0.8.5-py2.6.egg/buildbot/test/unit/test_db_enginestrategy.py
buildbot-0.8.5-py2.6.egg/buildbot/test/unit/test_db_enginestrategy.pyc
buildbot-0.8.5-py2.6.egg/buildbot/test/unit/test_db_model.py
buildbot-0.8.5-py2.6.egg/buildbot/test/unit/test_db_model.pyc
buildbot-0.8.5-py2.6.egg/buildbot/test/unit/test_db_pool.py
buildbot-0.8.5-py2.6.egg/buildbot/test/unit/test_db_pool.pyc
buildbot-0.8.5-py2.6.egg/buildbot/test/unit/test_db_schedulers.py
buildbot-0.8.5-py2.6.egg/buildbot/test/unit/test_db_schedulers.pyc
buildbot-0.8.5-py2.6.egg/buildbot/test/unit/test_db_sourcestamps.py
buildbot-0.8.5-py2.6.egg/buildbot/test/unit/test_db_sourcestamps.pyc
buildbot-0.8.5-py2.6.egg/buildbot/test/unit/test_db_state.py
buildbot-0.8.5-py2.6.egg/buildbot/test/unit/test_db_state.pyc
buildbot-0.8.5-py2.6.egg/buildbot/test/unit/test_db_users.py
buildbot-0.8.5-py2.6.egg/buildbot/test/unit/test_db_users.pyc
buildbot-0.8.5-py2.6.egg/buildbot/test/unit/test_master.py
buildbot-0.8.5-py2.6.egg/buildbot/test/unit/test_master.pyc
buildbot-0.8.5-py2.6.egg/buildbot/test/unit/test_pbmanager.py
buildbot-0.8.5-py2.6.egg/buildbot/test/unit/test_pbmanager.pyc
buildbot-0.8.5-py2.6.egg/buildbot/test/unit/test_process_botmaster_BotMaster.py
buildbot-0.8.5-py2.6.egg/buildbot/test/unit/test_process_botmaster_BotMaster.pyc
buildbot-0.8.5-py2.6.egg/buildbot/test/unit/test_process_botmaster_BuildRequestDistributor.py
buildbot-0.8.5-py2.6.egg/buildbot/test/unit/test_process_botmaster_BuildRequestDistributor.pyc
buildbot-0.8.5-py2.6.egg/buildbot/test/unit/test_process_botmaster_DuplicateSlaveArbitrator.py
buildbot-0.8.5-py2.6.egg/buildbot/test/unit/test_process_botmaster_DuplicateSlaveArbitrator.pyc
buildbot-0.8.5-py2.6.egg/buildbot/test/unit/test_process_build.py
buildbot-0.8.5-py2.6.egg/buildbot/test/unit/test_process_build.pyc
buildbot-0.8.5-py2.6.egg/buildbot/test/unit/test_process_builder.py
buildbot-0.8.5-py2.6.egg/buildbot/test/unit/test_process_builder.pyc
buildbot-0.8.5-py2.6.egg/buildbot/test/unit/test_process_buildrequest.py
buildbot-0.8.5-py2.6.egg/buildbot/test/unit/test_process_buildrequest.pyc
buildbot-0.8.5-py2.6.egg/buildbot/test/unit/test_process_buildstep.py
buildbot-0.8.5-py2.6.egg/buildbot/test/unit/test_process_buildstep.pyc
buildbot-0.8.5-py2.6.egg/buildbot/test/unit/test_process_cache.py
buildbot-0.8.5-py2.6.egg/buildbot/test/unit/test_process_cache.pyc
buildbot-0.8.5-py2.6.egg/buildbot/test/unit/test_process_debug.py
buildbot-0.8.5-py2.6.egg/buildbot/test/unit/test_process_debug.pyc
buildbot-0.8.5-py2.6.egg/buildbot/test/unit/test_process_metrics.py
buildbot-0.8.5-py2.6.egg/buildbot/test/unit/test_process_metrics.pyc
buildbot-0.8.5-py2.6.egg/buildbot/test/unit/test_process_properties.py
buildbot-0.8.5-py2.6.egg/buildbot/test/unit/test_process_properties.pyc
buildbot-0.8.5-py2.6.egg/buildbot/test/unit/test_process_users_manager.py
buildbot-0.8.5-py2.6.egg/buildbot/test/unit/test_process_users_manager.pyc
buildbot-0.8.5-py2.6.egg/buildbot/test/unit/test_process_users_manual.py
buildbot-0.8.5-py2.6.egg/buildbot/test/unit/test_process_users_manual.pyc
buildbot-0.8.5-py2.6.egg/buildbot/test/unit/test_process_users_users.py
buildbot-0.8.5-py2.6.egg/buildbot/test/unit/test_process_users_users.pyc
buildbot-0.8.5-py2.6.egg/buildbot/test/unit/test_schedulers_base.py
buildbot-0.8.5-py2.6.egg/buildbot/test/unit/test_schedulers_base.pyc
buildbot-0.8.5-py2.6.egg/buildbot/test/unit/test_schedulers_basic.py
buildbot-0.8.5-py2.6.egg/buildbot/test/unit/test_schedulers_basic.pyc
buildbot-0.8.5-py2.6.egg/buildbot/test/unit/test_schedulers_dependent.py
buildbot-0.8.5-py2.6.egg/buildbot/test/unit/test_schedulers_dependent.pyc
buildbot-0.8.5-py2.6.egg/buildbot/test/unit/test_schedulers_manager.py
buildbot-0.8.5-py2.6.egg/buildbot/test/unit/test_schedulers_manager.pyc
buildbot-0.8.5-py2.6.egg/buildbot/test/unit/test_schedulers_timed_Nightly.py
buildbot-0.8.5-py2.6.egg/buildbot/test/unit/test_schedulers_timed_Nightly.pyc
buildbot-0.8.5-py2.6.egg/buildbot/test/unit/test_schedulers_timed_Periodic.py
buildbot-0.8.5-py2.6.egg/buildbot/test/unit/test_schedulers_timed_Periodic.pyc
buildbot-0.8.5-py2.6.egg/buildbot/test/unit/test_schedulers_timed_Timed.py
buildbot-0.8.5-py2.6.egg/buildbot/test/unit/test_schedulers_timed_Timed.pyc
buildbot-0.8.5-py2.6.egg/buildbot/test/unit/test_schedulers_triggerable.py
buildbot-0.8.5-py2.6.egg/buildbot/test/unit/test_schedulers_triggerable.pyc
buildbot-0.8.5-py2.6.egg/buildbot/test/unit/test_schedulers_trysched.py
buildbot-0.8.5-py2.6.egg/buildbot/test/unit/test_schedulers_trysched.pyc
buildbot-0.8.5-py2.6.egg/buildbot/test/unit/test_scripts_checkconfig.py
buildbot-0.8.5-py2.6.egg/buildbot/test/unit/test_scripts_checkconfig.pyc
buildbot-0.8.5-py2.6.egg/buildbot/test/unit/test_scripts_runner.py
buildbot-0.8.5-py2.6.egg/buildbot/test/unit/test_scripts_runner.pyc
buildbot-0.8.5-py2.6.egg/buildbot/test/unit/test_sourcestamp.py
buildbot-0.8.5-py2.6.egg/buildbot/test/unit/test_sourcestamp.pyc
buildbot-0.8.5-py2.6.egg/buildbot/test/unit/test_status_build.py
buildbot-0.8.5-py2.6.egg/buildbot/test/unit/test_status_build.pyc
buildbot-0.8.5-py2.6.egg/buildbot/test/unit/test_status_buildstep.py
buildbot-0.8.5-py2.6.egg/buildbot/test/unit/test_status_buildstep.pyc
buildbot-0.8.5-py2.6.egg/buildbot/test/unit/test_status_client.py
buildbot-0.8.5-py2.6.egg/buildbot/test/unit/test_status_client.pyc
buildbot-0.8.5-py2.6.egg/buildbot/test/unit/test_status_logfile.py
buildbot-0.8.5-py2.6.egg/buildbot/test/unit/test_status_logfile.pyc
buildbot-0.8.5-py2.6.egg/buildbot/test/unit/test_status_mail.py
buildbot-0.8.5-py2.6.egg/buildbot/test/unit/test_status_mail.pyc
buildbot-0.8.5-py2.6.egg/buildbot/test/unit/test_status_master.py
buildbot-0.8.5-py2.6.egg/buildbot/test/unit/test_status_master.pyc
buildbot-0.8.5-py2.6.egg/buildbot/test/unit/test_status_persistent_queue.py
buildbot-0.8.5-py2.6.egg/buildbot/test/unit/test_status_persistent_queue.pyc
buildbot-0.8.5-py2.6.egg/buildbot/test/unit/test_status_web_authz_Authz.py
buildbot-0.8.5-py2.6.egg/buildbot/test/unit/test_status_web_authz_Authz.pyc
buildbot-0.8.5-py2.6.egg/buildbot/test/unit/test_status_web_base.py
buildbot-0.8.5-py2.6.egg/buildbot/test/unit/test_status_web_base.pyc
buildbot-0.8.5-py2.6.egg/buildbot/test/unit/test_status_web_change_hook.py
buildbot-0.8.5-py2.6.egg/buildbot/test/unit/test_status_web_change_hook.pyc
buildbot-0.8.5-py2.6.egg/buildbot/test/unit/test_status_web_change_hooks_github.py
buildbot-0.8.5-py2.6.egg/buildbot/test/unit/test_status_web_change_hooks_github.pyc
buildbot-0.8.5-py2.6.egg/buildbot/test/unit/test_status_web_links.py
buildbot-0.8.5-py2.6.egg/buildbot/test/unit/test_status_web_links.pyc
buildbot-0.8.5-py2.6.egg/buildbot/test/unit/test_steps_python.py
buildbot-0.8.5-py2.6.egg/buildbot/test/unit/test_steps_python.pyc
buildbot-0.8.5-py2.6.egg/buildbot/test/unit/test_steps_python_twisted.py
buildbot-0.8.5-py2.6.egg/buildbot/test/unit/test_steps_python_twisted.pyc
buildbot-0.8.5-py2.6.egg/buildbot/test/unit/test_steps_shell.py
buildbot-0.8.5-py2.6.egg/buildbot/test/unit/test_steps_shell.pyc
buildbot-0.8.5-py2.6.egg/buildbot/test/unit/test_steps_slave.py
buildbot-0.8.5-py2.6.egg/buildbot/test/unit/test_steps_slave.pyc
buildbot-0.8.5-py2.6.egg/buildbot/test/unit/test_steps_source_bzr.py
buildbot-0.8.5-py2.6.egg/buildbot/test/unit/test_steps_source_bzr.pyc
buildbot-0.8.5-py2.6.egg/buildbot/test/unit/test_steps_source_cvs.py
buildbot-0.8.5-py2.6.egg/buildbot/test/unit/test_steps_source_cvs.pyc
buildbot-0.8.5-py2.6.egg/buildbot/test/unit/test_steps_source_git.py
buildbot-0.8.5-py2.6.egg/buildbot/test/unit/test_steps_source_git.pyc
buildbot-0.8.5-py2.6.egg/buildbot/test/unit/test_steps_source_mercurial.py
buildbot-0.8.5-py2.6.egg/buildbot/test/unit/test_steps_source_mercurial.pyc
buildbot-0.8.5-py2.6.egg/buildbot/test/unit/test_steps_source_oldsource_Repo.py
buildbot-0.8.5-py2.6.egg/buildbot/test/unit/test_steps_source_oldsource_Repo.pyc
buildbot-0.8.5-py2.6.egg/buildbot/test/unit/test_steps_source_oldsource_Source.py
buildbot-0.8.5-py2.6.egg/buildbot/test/unit/test_steps_source_oldsource_Source.pyc
buildbot-0.8.5-py2.6.egg/buildbot/test/unit/test_steps_source_svn.py
buildbot-0.8.5-py2.6.egg/buildbot/test/unit/test_steps_source_svn.pyc
buildbot-0.8.5-py2.6.egg/buildbot/test/unit/test_steps_transfer.py
buildbot-0.8.5-py2.6.egg/buildbot/test/unit/test_steps_transfer.pyc
buildbot-0.8.5-py2.6.egg/buildbot/test/unit/test_steps_vstudio.py
buildbot-0.8.5-py2.6.egg/buildbot/test/unit/test_steps_vstudio.pyc
buildbot-0.8.5-py2.6.egg/buildbot/test/unit/test_util.py
buildbot-0.8.5-py2.6.egg/buildbot/test/unit/test_util.pyc
buildbot-0.8.5-py2.6.egg/buildbot/test/unit/test_util_ComparableMixin.py
buildbot-0.8.5-py2.6.egg/buildbot/test/unit/test_util_ComparableMixin.pyc
buildbot-0.8.5-py2.6.egg/buildbot/test/unit/test_util_bbcollections.py
buildbot-0.8.5-py2.6.egg/buildbot/test/unit/test_util_bbcollections.pyc
buildbot-0.8.5-py2.6.egg/buildbot/test/unit/test_util_eventual.py
buildbot-0.8.5-py2.6.egg/buildbot/test/unit/test_util_eventual.pyc
buildbot-0.8.5-py2.6.egg/buildbot/test/unit/test_util_loop.py
buildbot-0.8.5-py2.6.egg/buildbot/test/unit/test_util_loop.pyc
buildbot-0.8.5-py2.6.egg/buildbot/test/unit/test_util_lru.py
buildbot-0.8.5-py2.6.egg/buildbot/test/unit/test_util_lru.pyc
buildbot-0.8.5-py2.6.egg/buildbot/test/unit/test_util_maildir.py
buildbot-0.8.5-py2.6.egg/buildbot/test/unit/test_util_maildir.pyc
buildbot-0.8.5-py2.6.egg/buildbot/test/unit/test_util_misc.py
buildbot-0.8.5-py2.6.egg/buildbot/test/unit/test_util_misc.pyc
buildbot-0.8.5-py2.6.egg/buildbot/test/unit/test_util_netstrings.py
buildbot-0.8.5-py2.6.egg/buildbot/test/unit/test_util_netstrings.pyc
buildbot-0.8.5-py2.6.egg/buildbot/test/unit/test_util_subscriptions.py
buildbot-0.8.5-py2.6.egg/buildbot/test/unit/test_util_subscriptions.pyc
buildbot-0.8.5-py2.6.egg/buildbot/test/util/
buildbot-0.8.5-py2.6.egg/buildbot/test/util/__init__.py
buildbot-0.8.5-py2.6.egg/buildbot/test/util/__init__.pyc
buildbot-0.8.5-py2.6.egg/buildbot/test/util/change_import.py
buildbot-0.8.5-py2.6.egg/buildbot/test/util/change_import.pyc
buildbot-0.8.5-py2.6.egg/buildbot/test/util/changesource.py
buildbot-0.8.5-py2.6.egg/buildbot/test/util/changesource.pyc
buildbot-0.8.5-py2.6.egg/buildbot/test/util/compat.py
buildbot-0.8.5-py2.6.egg/buildbot/test/util/compat.pyc
buildbot-0.8.5-py2.6.egg/buildbot/test/util/connector_component.py
buildbot-0.8.5-py2.6.egg/buildbot/test/util/connector_component.pyc
buildbot-0.8.5-py2.6.egg/buildbot/test/util/db.py
buildbot-0.8.5-py2.6.egg/buildbot/test/util/db.pyc
buildbot-0.8.5-py2.6.egg/buildbot/test/util/dirs.py
buildbot-0.8.5-py2.6.egg/buildbot/test/util/dirs.pyc
buildbot-0.8.5-py2.6.egg/buildbot/test/util/gpo.py
buildbot-0.8.5-py2.6.egg/buildbot/test/util/gpo.pyc
buildbot-0.8.5-py2.6.egg/buildbot/test/util/pbmanager.py
buildbot-0.8.5-py2.6.egg/buildbot/test/util/pbmanager.pyc
buildbot-0.8.5-py2.6.egg/buildbot/test/util/scheduler.py
buildbot-0.8.5-py2.6.egg/buildbot/test/util/scheduler.pyc
buildbot-0.8.5-py2.6.egg/buildbot/test/util/sourcesteps.py
buildbot-0.8.5-py2.6.egg/buildbot/test/util/sourcesteps.pyc
buildbot-0.8.5-py2.6.egg/buildbot/test/util/steps.py
buildbot-0.8.5-py2.6.egg/buildbot/test/util/steps.pyc
buildbot-0.8.5-py2.6.egg/buildbot/util/
buildbot-0.8.5-py2.6.egg/buildbot/util/__init__.py
buildbot-0.8.5-py2.6.egg/buildbot/util/__init__.pyc
buildbot-0.8.5-py2.6.egg/buildbot/util/bbcollections.py
buildbot-0.8.5-py2.6.egg/buildbot/util/bbcollections.pyc
buildbot-0.8.5-py2.6.egg/buildbot/util/eventual.py
buildbot-0.8.5-py2.6.egg/buildbot/util/eventual.pyc
buildbot-0.8.5-py2.6.egg/buildbot/util/loop.py
buildbot-0.8.5-py2.6.egg/buildbot/util/loop.pyc
buildbot-0.8.5-py2.6.egg/buildbot/util/lru.py
buildbot-0.8.5-py2.6.egg/buildbot/util/lru.pyc
buildbot-0.8.5-py2.6.egg/buildbot/util/maildir.py
buildbot-0.8.5-py2.6.egg/buildbot/util/maildir.pyc
buildbot-0.8.5-py2.6.egg/buildbot/util/misc.py
buildbot-0.8.5-py2.6.egg/buildbot/util/misc.pyc
buildbot-0.8.5-py2.6.egg/buildbot/util/monkeypatches.py
buildbot-0.8.5-py2.6.egg/buildbot/util/monkeypatches.pyc
buildbot-0.8.5-py2.6.egg/buildbot/util/netstrings.py
buildbot-0.8.5-py2.6.egg/buildbot/util/netstrings.pyc
buildbot-0.8.5-py2.6.egg/buildbot/util/sautils.py
buildbot-0.8.5-py2.6.egg/buildbot/util/sautils.pyc
buildbot-0.8.5-py2.6.egg/buildbot/util/subscription.py
buildbot-0.8.5-py2.6.egg/buildbot/util/subscription.pyc

sent 1944474 bytes  received 13732 bytes  76792.39 bytes/sec
total size is 7259621  speedup is 3.71
sending incremental file list
master.cfg

sent 6423 bytes  received 31 bytes  12908.00 bytes/sec
total size is 40531  speedup is 6.28
sending incremental file list
public_html/
public_html/.public.js.swp
public_html/bg_gradient.jpg
public_html/default.css
public_html/default.css.new
public_html/favicon.ico
public_html/public.js
public_html/public1.js
public_html/robots.txt
public_html/.git/
public_html/.git/COMMIT_EDITMSG
public_html/.git/FETCH_HEAD
public_html/.git/HEAD
public_html/.git/config
public_html/.git/description
public_html/.git/index
public_html/.git/branches/
public_html/.git/hooks/
public_html/.git/hooks/applypatch-msg.sample
public_html/.git/hooks/commit-msg.sample
public_html/.git/hooks/post-commit.sample
public_html/.git/hooks/post-receive.sample
public_html/.git/hooks/post-update.sample
public_html/.git/hooks/pre-applypatch.sample
public_html/.git/hooks/pre-commit.sample
public_html/.git/hooks/pre-rebase.sample
public_html/.git/hooks/prepare-commit-msg.sample
public_html/.git/hooks/update.sample
public_html/.git/info/
public_html/.git/info/exclude
public_html/.git/logs/
public_html/.git/logs/HEAD
public_html/.git/logs/refs/
public_html/.git/logs/refs/heads/
public_html/.git/logs/refs/heads/master
public_html/.git/objects/
public_html/.git/objects/11/
public_html/.git/objects/11/98fbdda6251698431d269c7c8c19ae5c8ee407
public_html/.git/objects/2f/
public_html/.git/objects/2f/5031c283b561e55c501dd09316156eac19a49f
public_html/.git/objects/6e/
public_html/.git/objects/6e/97c1f84771d8b67971f103196ae7b4f3c56abb
public_html/.git/objects/7c/
public_html/.git/objects/7c/786755cb9a8d7040e2d523883aa35c1796a33c
public_html/.git/objects/ab/
public_html/.git/objects/ab/c63393e198857edd925bc7e20429f15fc1aa59
public_html/.git/objects/f2/
public_html/.git/objects/f2/168be9417129a34591128194069761e053817a
public_html/.git/objects/info/
public_html/.git/objects/pack/
public_html/.git/refs/
public_html/.git/refs/heads/
public_html/.git/refs/heads/master
public_html/.git/refs/tags/
public_html/ppat/
public_html/ppat/0001-ppat-merge-ppat-task-together.patch
public_html/ppat/colorbox.css
public_html/ppat/delete.png
public_html/ppat/jenkins.py
public_html/ppat/jquery-1.8.2.js
public_html/ppat/jquery-ui.css
public_html/ppat/jquery-ui.js
public_html/ppat/jquery.colorbox.js
public_html/ppat/launchppat.py
public_html/ppat/ppat.js
public_html/ppat/sendmail.sh
public_html/ppat/six.py
public_html/ppat/startPPAT.sh
public_html/ppat/style.css
public_html/ppat/trigger.py
public_html/ppat/trigger_jenkins.py
public_html/ppat/.git/
public_html/ppat/.git/COMMIT_EDITMSG
public_html/ppat/.git/FETCH_HEAD
public_html/ppat/.git/HEAD
public_html/ppat/.git/ORIG_HEAD
public_html/ppat/.git/config
public_html/ppat/.git/description
public_html/ppat/.git/index
public_html/ppat/.git/packed-refs
public_html/ppat/.git/branches/
public_html/ppat/.git/hooks/
public_html/ppat/.git/hooks/applypatch-msg.sample
public_html/ppat/.git/hooks/commit-msg.sample
public_html/ppat/.git/hooks/post-commit.sample
public_html/ppat/.git/hooks/post-receive.sample
public_html/ppat/.git/hooks/post-update.sample
public_html/ppat/.git/hooks/pre-applypatch.sample
public_html/ppat/.git/hooks/pre-commit.sample
public_html/ppat/.git/hooks/pre-rebase.sample
public_html/ppat/.git/hooks/prepare-commit-msg.sample
public_html/ppat/.git/hooks/update.sample
public_html/ppat/.git/info/
public_html/ppat/.git/info/exclude
public_html/ppat/.git/logs/
public_html/ppat/.git/logs/HEAD
public_html/ppat/.git/logs/refs/
public_html/ppat/.git/logs/refs/heads/
public_html/ppat/.git/logs/refs/heads/master
public_html/ppat/.git/logs/refs/remotes/
public_html/ppat/.git/logs/refs/remotes/origin/
public_html/ppat/.git/logs/refs/remotes/origin/master
public_html/ppat/.git/objects/
public_html/ppat/.git/objects/01/
public_html/ppat/.git/objects/01/7062aece85cf56fcfd8064d5f561a2498559fd
public_html/ppat/.git/objects/01/ccd27084d4bec123435edb08cc1b066d901e0f
public_html/ppat/.git/objects/02/
public_html/ppat/.git/objects/02/4957ec542999b603a3f3f835bc38936f57091e
public_html/ppat/.git/objects/02/5efb1553861873573a7d5e30fada8ba3526370
public_html/ppat/.git/objects/02/a5ea45a13c4789cd1f00752ae4d6ae81fa553d
public_html/ppat/.git/objects/02/f9664576a3508e9da0f7887e383305673efacc
public_html/ppat/.git/objects/03/
public_html/ppat/.git/objects/03/173d6c921bcf90748bcf688e436df71b505589
public_html/ppat/.git/objects/04/
public_html/ppat/.git/objects/04/1b4673bc1244bf809a5a86561d38af85e65212
public_html/ppat/.git/objects/04/3ab110d8527e01c2d8b451e7ae92425bef4b6f
public_html/ppat/.git/objects/05/
public_html/ppat/.git/objects/05/2c81c91b8228277e200f52249a1b6ebc24cf29
public_html/ppat/.git/objects/05/30535c2c151c6cc60e0e29f6023a08c249a041
public_html/ppat/.git/objects/05/c79caa5349c16b578bb51e2cbf45132743893e
public_html/ppat/.git/objects/07/
public_html/ppat/.git/objects/07/68f480ce3eebd8182b1d24063c4e59fe2cc6dc
public_html/ppat/.git/objects/08/
public_html/ppat/.git/objects/08/876086cccb307374fd087282110696721b6f75
public_html/ppat/.git/objects/09/
public_html/ppat/.git/objects/09/3406bcea1e74b39235db512519e41e735829d9
public_html/ppat/.git/objects/09/79ffe517696fa1fa5957ee7035c979aaff9f2b
public_html/ppat/.git/objects/0b/
public_html/ppat/.git/objects/0b/0b7eef4db00a12809b268db6e087d380b23bae
public_html/ppat/.git/objects/0b/6016145ac14db0fbe47b2d770e87335782dfca
public_html/ppat/.git/objects/0b/b43c9915ac2003f05c89b37477ee147ec3f813
public_html/ppat/.git/objects/0c/
public_html/ppat/.git/objects/0c/f8b2f0a2c0cde5364495922496a2b80c435189
public_html/ppat/.git/objects/0d/
public_html/ppat/.git/objects/0d/bdc691cb5801460af83f5e9cf5adb154e4848c
public_html/ppat/.git/objects/0d/dc704051b651f43cffb1326dee3ba563727acc
public_html/ppat/.git/objects/0e/
public_html/ppat/.git/objects/0e/e1121afbc40249ee606cd16eb0d234b164d812
public_html/ppat/.git/objects/0f/
public_html/ppat/.git/objects/0f/3b84de5803c310dd2a1f59cf15188f967b76af
public_html/ppat/.git/objects/10/
public_html/ppat/.git/objects/10/21ab9e2fc0666871ee9190885f103c9b332390
public_html/ppat/.git/objects/11/
public_html/ppat/.git/objects/11/7fb74f11d188ee06cb05ff49afaa0ef13e0f3c
public_html/ppat/.git/objects/11/838bece1dfd7f7bad61f6e3e1b3bcd20ab04d1
public_html/ppat/.git/objects/11/d54c3794d38d3ab44f021d4c2966e1edee7420
public_html/ppat/.git/objects/12/
public_html/ppat/.git/objects/12/1840714e846d1b91b1ae39653f1885b5b9f718
public_html/ppat/.git/objects/12/2a4e9b4010d393db4c1dc96b37d1edf709e49b
public_html/ppat/.git/objects/14/
public_html/ppat/.git/objects/14/159a12ebbf9d377fc579ee73f41e3f371ff9e7
public_html/ppat/.git/objects/14/aebb07327a304e9e25c23d5f944659be7e6ad3
public_html/ppat/.git/objects/14/fe733780f857ded4ee1a994af8fd78a534a551
public_html/ppat/.git/objects/15/
public_html/ppat/.git/objects/15/9927240c61eae9e72d9a180ad1ab3a869160c5
public_html/ppat/.git/objects/17/
public_html/ppat/.git/objects/17/6eaddf982adaef689d0a042eee963002c784ab
public_html/ppat/.git/objects/17/f731f97b6d3b773627c572a5bceff3912a1484
public_html/ppat/.git/objects/1a/
public_html/ppat/.git/objects/1a/af27f62d5e454facca7d7565b721b30c36f014
public_html/ppat/.git/objects/1c/
public_html/ppat/.git/objects/1c/ff264bd7fb0f296bbeb9996391a6a710086afd
public_html/ppat/.git/objects/1e/
public_html/ppat/.git/objects/1e/286ec067f4ed8f67570b6728f5825a097759a6
public_html/ppat/.git/objects/1e/5f2a6529d7ae5d736ab361f58d6487c5f06112
public_html/ppat/.git/objects/1f/
public_html/ppat/.git/objects/1f/c83eec76171d40e0cf7181e00d63335a3893ce
public_html/ppat/.git/objects/20/
public_html/ppat/.git/objects/20/5f39003337ca6e09803251606e26ca18fac7d8
public_html/ppat/.git/objects/21/
public_html/ppat/.git/objects/21/4c95c10d6e3dfe5b7f092a1ddbf3098978849d
public_html/ppat/.git/objects/21/71844354355c991b29a5b0e0cb6cd30a2abaa2
public_html/ppat/.git/objects/22/
public_html/ppat/.git/objects/22/ad471114f54f2715e4a663533d213184be7d67
public_html/ppat/.git/objects/23/
public_html/ppat/.git/objects/23/aac431950b41a71b130136ec999e34863ece42
public_html/ppat/.git/objects/24/
public_html/ppat/.git/objects/24/3a04130994fb46cf048c3462cf216f224a5ef0
public_html/ppat/.git/objects/24/66fd3c6e0825c253e7017294de017dc84cab67
public_html/ppat/.git/objects/25/
public_html/ppat/.git/objects/25/53ee2439a8a6b28e1fa8b617c278d69e1e13d6
public_html/ppat/.git/objects/25/ecaecaa71930d1a9092a5572c8274646327238
public_html/ppat/.git/objects/26/
public_html/ppat/.git/objects/26/4837067798d4ac238e701dcf35230d334fae7b
public_html/ppat/.git/objects/26/f03399b9d208a3d238fd10217ec36d3a615963
public_html/ppat/.git/objects/28/
public_html/ppat/.git/objects/28/5198e341e9ef9e8ac5c19c10d6437808599130
public_html/ppat/.git/objects/28/7b596fe7d884ae4f294fac9ce347bc9b2398cc
public_html/ppat/.git/objects/29/
public_html/ppat/.git/objects/29/d5f79cff98ef8ce8117657dd5ef5a0ed1364be
public_html/ppat/.git/objects/29/f192f8048b93e5dc2f2bb5ebbc28c620f865ae
public_html/ppat/.git/objects/2a/
public_html/ppat/.git/objects/2a/86f4943465b194fc9c21aadfc7c270177783d7
public_html/ppat/.git/objects/2a/f4d6c273863b49bf8f5a2a9effd8499b82b82a
public_html/ppat/.git/objects/2b/
public_html/ppat/.git/objects/2b/19f568436195e552890d51d351f144a2578c4a
public_html/ppat/.git/objects/2b/653229bd6c08452a1c089c3df9d8ecda2c234e
public_html/ppat/.git/objects/2b/a6a4b84e485e6086b883dd974c41469c058bb0
public_html/ppat/.git/objects/2c/
public_html/ppat/.git/objects/2c/0f29f2d4b8e857d9b06471c3b5bc4911f4ed89
public_html/ppat/.git/objects/2c/3f69f60e952d615fca97d50da464c5af890d78
public_html/ppat/.git/objects/2c/da716636bb6f94a33a13cb7e96e278511d8062
public_html/ppat/.git/objects/2d/
public_html/ppat/.git/objects/2d/ac0b8a13fb629dc72160095f8df6a1fe1a8b2f
public_html/ppat/.git/objects/2e/
public_html/ppat/.git/objects/2e/33484dc637e1152988e3d11785a262bc4ede67
public_html/ppat/.git/objects/2e/9bd69b2bd1254d7ba4a464fd186229baa9f8bf
public_html/ppat/.git/objects/2e/f014414ac6a8f6f832a457030e8ddfbd9679ce
public_html/ppat/.git/objects/2f/
public_html/ppat/.git/objects/2f/6e637ca95c01fe2e7173d30421be0849761f3c
public_html/ppat/.git/objects/2f/93abebeacdfb34ef7be42508ef6dc5381ce612
public_html/ppat/.git/objects/31/
public_html/ppat/.git/objects/31/4fa3a8518f330d0b1d23b9fced6d860147eb20
public_html/ppat/.git/objects/33/
public_html/ppat/.git/objects/33/6c176f430b1192046515a0ec7d23ac28b56f4e
public_html/ppat/.git/objects/33/f34b69dc0779cb5a94812a0f0e9b73c4df26bd
public_html/ppat/.git/objects/34/
public_html/ppat/.git/objects/34/8732315addd064de9e45c9de6122d444b84602
public_html/ppat/.git/objects/35/
public_html/ppat/.git/objects/35/da7a6889e7c13e7424c90271ab9f4e2d7fc4e7
public_html/ppat/.git/objects/36/
public_html/ppat/.git/objects/36/7eb3dbe7cdd024c85d2956993864861e019961
public_html/ppat/.git/objects/37/
public_html/ppat/.git/objects/37/4c7d65ae1681031c00ec8db054f004bc2f365a
public_html/ppat/.git/objects/39/
public_html/ppat/.git/objects/39/2f70c5b4611be04c568c86ff378190d157713b
public_html/ppat/.git/objects/3a/
public_html/ppat/.git/objects/3a/0ba0c9ae14542cfda3e969e315bebd0a066f1a
public_html/ppat/.git/objects/3a/2bd95c5739a682e984caa44e9faa42a069aa08
public_html/ppat/.git/objects/3a/661d2e9e2370f6e1454e3629101fc43b0a4afb
public_html/ppat/.git/objects/3a/dde79433eac6540284ca1c96f1599f08f9ac13
public_html/ppat/.git/objects/3a/f5fd4c754a75b527ddaef67fa9bc0e0d1e46b5
public_html/ppat/.git/objects/3b/
public_html/ppat/.git/objects/3b/57879cae39757b26548ea3818f891ea46cd6be
public_html/ppat/.git/objects/3b/71a40aad1cb08d8251761ae5a25d5954b68004
public_html/ppat/.git/objects/3b/f2e88ddf79429be949b64141c5fa89c2b11148
public_html/ppat/.git/objects/3c/
public_html/ppat/.git/objects/3c/1548c5632fcdaa4e474920bb9d21d9b661ef2f
public_html/ppat/.git/objects/3c/26566a84dae2dce149b2b1a99094c174890a8c
public_html/ppat/.git/objects/3c/2eb94089e1e06e1d87fd1d62b93753f064bbf0
public_html/ppat/.git/objects/3c/7266102d5e0c328acc82b7ab45e753187e2d8a
public_html/ppat/.git/objects/3d/
public_html/ppat/.git/objects/3d/48768b9cd2698c32c921be14082245c00bfb23
public_html/ppat/.git/objects/3d/d5fb5ca8abd051eab59121eb1455a9518a9c77
public_html/ppat/.git/objects/3e/
public_html/ppat/.git/objects/3e/5dd3edee4dd2d191b954069ea91adcfe9a3c7c
public_html/ppat/.git/objects/3e/8f8aef1761f3e26784fa9183d9e2070a862405
public_html/ppat/.git/objects/3f/
public_html/ppat/.git/objects/3f/98fb3370037e304ea94d4383d548e9fdcf6283
public_html/ppat/.git/objects/40/
public_html/ppat/.git/objects/40/169b6416e684af3d625bcb620743c7cc2904cc
public_html/ppat/.git/objects/40/6af8a74eef22fed2f482ff7712f88654bef1c4
public_html/ppat/.git/objects/41/
public_html/ppat/.git/objects/41/2fc06b138d3746fb3945a95c48db62f861fb4a
public_html/ppat/.git/objects/41/fc4f70af19c80e695d10500fc1237de0811ba3
public_html/ppat/.git/objects/42/
public_html/ppat/.git/objects/42/2da6d7c00e01491ef5f2c7ba9b9b96596e15d1
public_html/ppat/.git/objects/42/a52a1ad084eebabb3b543b0b6d05a1daebda4c
public_html/ppat/.git/objects/42/b9114c8c986c551c6c184fa3424819bbfc7293
public_html/ppat/.git/objects/45/
public_html/ppat/.git/objects/45/68927e95c081a93201be8317a5c2926f772b71
public_html/ppat/.git/objects/47/
public_html/ppat/.git/objects/47/18ec8a06cb3ef40116a46860fbf08cf2f4c3a8
public_html/ppat/.git/objects/48/
public_html/ppat/.git/objects/48/8f592f0874bcf03b7a4a5b7324f6eb8967dc66
public_html/ppat/.git/objects/4a/
public_html/ppat/.git/objects/4a/a59e7d488fcb836ec280254e91504852773c3e
public_html/ppat/.git/objects/4b/
public_html/ppat/.git/objects/4b/cf1790c39d049abef5c686a3986d3ffcb8d08c
public_html/ppat/.git/objects/4c/
public_html/ppat/.git/objects/4c/0c562659e81f968e91aa9021512433c5f0ae48
public_html/ppat/.git/objects/4d/
public_html/ppat/.git/objects/4d/e4e1451674825a2b587ed497130ce77a9c2472
public_html/ppat/.git/objects/52/
public_html/ppat/.git/objects/52/2bfff365c1e09206c1b727b9bd0bae3be9bd7c
public_html/ppat/.git/objects/53/
public_html/ppat/.git/objects/53/343eab904e1f201af31ec5b9ca49668a5601cd
public_html/ppat/.git/objects/53/c96b6cfaf3b5ed43ebb561adc5d7a97c02d6b6
public_html/ppat/.git/objects/54/
public_html/ppat/.git/objects/54/13a7f6efe62960933df79eb81843aa6ec1c20e
public_html/ppat/.git/objects/54/8b4aeff722fdae7c8fe3b1e9103d7ae150adeb
public_html/ppat/.git/objects/56/
public_html/ppat/.git/objects/56/e04bbd620c0b7327a2896139cb97a6855bde4e
public_html/ppat/.git/objects/56/e8d866212a568ac0ef8d357f0721d0e086a8c3
public_html/ppat/.git/objects/57/
public_html/ppat/.git/objects/57/35a4296860e8d5f20d0e8090c36cf71c553f8d
public_html/ppat/.git/objects/57/71fb9444c1dfbe60af508a8bcd23589b8007cd
public_html/ppat/.git/objects/57/9f194e85b83d9468692d369518fe4c86f4d6f1
public_html/ppat/.git/objects/59/
public_html/ppat/.git/objects/59/173554ea352cbc37943e484ddf57a20b287e14
public_html/ppat/.git/objects/5a/
public_html/ppat/.git/objects/5a/0e1404fb1123eab26076a298d6248a468017b6
public_html/ppat/.git/objects/5a/2182356a8fa9c92e7c526ddbb3d7ccbdfed8f2
public_html/ppat/.git/objects/5a/377fcded3532e67ff361c4daf11fe95e7d7a5b
public_html/ppat/.git/objects/5a/79b8f9514971fe9a9a0ebf4472ede0214cd3f2
public_html/ppat/.git/objects/5a/c50bc43017c2aebba18a19c986fe2a92eae96f
public_html/ppat/.git/objects/5b/
public_html/ppat/.git/objects/5b/482957fc456761e27c3782ace015b4c8b7a0d6
public_html/ppat/.git/objects/5b/87add2c4ae18deff15ef8ffb0c267c720b073f
public_html/ppat/.git/objects/5d/
public_html/ppat/.git/objects/5d/3e98ab3971bc5d93408a1d9808437c3f097aba
public_html/ppat/.git/objects/5d/d0b75dc45b035a225acfc3b253bfa28f8a2988
public_html/ppat/.git/objects/5d/edbc9d3e320e5dab8107981a1ff5d46fae11ac
public_html/ppat/.git/objects/5e/
public_html/ppat/.git/objects/5e/2473087aa8a564dc09d0d54a90d35b7399d157
public_html/ppat/.git/objects/5e/bbd79ab00ea686996e7ce0985e6ecfe91c9ef9
public_html/ppat/.git/objects/60/
public_html/ppat/.git/objects/60/0b281d559d03fcd3eb2f3351d0b8b8357f5643
public_html/ppat/.git/objects/60/2ce3c3ae9182650eca594ff76e4c27498f39e0
public_html/ppat/.git/objects/60/a0790de4a47bf49efca47220ce887340ae7760
public_html/ppat/.git/objects/65/
public_html/ppat/.git/objects/65/cf5f2a47961807646ac1ce29e8bb1d5b51b598
public_html/ppat/.git/objects/66/
public_html/ppat/.git/objects/66/3c10f28fb27b03e2623da8720048d1e35ba0d0
public_html/ppat/.git/objects/67/
public_html/ppat/.git/objects/67/f8f75cead9c1437e0530bd59410a8f64f10c79
public_html/ppat/.git/objects/68/
public_html/ppat/.git/objects/68/25bb39018117edbbcfbab19f35c4a556f3fff3
public_html/ppat/.git/objects/68/7c76e19ef4d15b5b76aaf9e4bfe0817557a8ee
public_html/ppat/.git/objects/68/c9c89f73f2ad143879e570d67c22e4da99dd3f
public_html/ppat/.git/objects/6c/
public_html/ppat/.git/objects/6c/9db9ac555178d50d2ba69f4bc6bca40546b909
public_html/ppat/.git/objects/6c/e944f0dc41945bb5965af65c59e09cc60254c1
public_html/ppat/.git/objects/6f/
public_html/ppat/.git/objects/6f/2a9e735d1f05fe6c0f2734a23750192d2a83b5
public_html/ppat/.git/objects/6f/41c5cd2a8ffb4b6df48243faee80d54b0d4c7f
public_html/ppat/.git/objects/6f/d534d3211447d5cdbd577d88d874df2369328e
public_html/ppat/.git/objects/71/
public_html/ppat/.git/objects/71/621accaef7c6dd557840ded69d9cdb349c5808
public_html/ppat/.git/objects/71/da3f641b629649833754079ffd022a126af4e7
public_html/ppat/.git/objects/71/db63487855b0dc2c15059ccdbf840f4fc415c5
public_html/ppat/.git/objects/72/
public_html/ppat/.git/objects/72/406c7a13a868e13e0df7d3b92400d4a97286b4
public_html/ppat/.git/objects/72/e153e197ff8948db4f1cd42b64dd1b57c49e22
public_html/ppat/.git/objects/73/
public_html/ppat/.git/objects/73/6acbcfa2fc9ca28ed5b28b429e7456389ce8a7
public_html/ppat/.git/objects/74/
public_html/ppat/.git/objects/74/84fa37b46a2dc15cfbe2131e38f1998a3983a2
public_html/ppat/.git/objects/74/b77cdbe15dc29d7608deef926948f6771a357f
public_html/ppat/.git/objects/75/
public_html/ppat/.git/objects/75/7b7882e3bef681896e502ce6390f19f4a5bdb9
public_html/ppat/.git/objects/75/f9a9246d5e76dbc074b73c58269f5bf5a71f81
public_html/ppat/.git/objects/76/
public_html/ppat/.git/objects/76/6a0052d5ef6d9b0a0645b782c8c72ab4078988
public_html/ppat/.git/objects/76/9e1152434470d56adee07dc7a38dec1e4b03dc
public_html/ppat/.git/objects/77/
public_html/ppat/.git/objects/77/45f891134547fbde4d36a92dd34d14693d8025
public_html/ppat/.git/objects/77/71733f7f2791332aa8351a8fe12a98362a914a
public_html/ppat/.git/objects/77/780d8beb5ce049fabc1c8f90745828730083e9
public_html/ppat/.git/objects/77/e5db17ced00a959a9a24c643df1bd811722c5f
public_html/ppat/.git/objects/78/
public_html/ppat/.git/objects/78/05eba3542f5a771e928a32940b1756d6d46566
public_html/ppat/.git/objects/79/
public_html/ppat/.git/objects/79/b21b84e2c7427ddde6a611a938e325625c3fe7
public_html/ppat/.git/objects/79/b349edd31295421e9d542351d4aeff20b2db2f
public_html/ppat/.git/objects/7a/
public_html/ppat/.git/objects/7a/e591ecab708732c7ae1bb12b5383eeb6f6ff5d
public_html/ppat/.git/objects/7b/
public_html/ppat/.git/objects/7b/73c6de64b1afa4c83e15d4af3b2a44b753340d
public_html/ppat/.git/objects/7b/aa5c2dfa97a0a4b0487c8a3757f34493f458d2
public_html/ppat/.git/objects/7d/
public_html/ppat/.git/objects/7d/ea68969980abd847cb6b74af6d9170e7580c74
public_html/ppat/.git/objects/80/
public_html/ppat/.git/objects/80/2f20c509369aa515fbbe1fbe29d51039abb29d
public_html/ppat/.git/objects/83/
public_html/ppat/.git/objects/83/84bdcae56ff145bf559fca7d3ab3707b079b43
public_html/ppat/.git/objects/83/fb52d693ed0a50b4ec9b3c281dc05fca89adef
public_html/ppat/.git/objects/84/
public_html/ppat/.git/objects/84/8c3b8237726144f3e704c95ea45de420108bd2
public_html/ppat/.git/objects/84/a1f2ca2670824806d86607565bda2c9b9c4e6b
public_html/ppat/.git/objects/86/
public_html/ppat/.git/objects/86/664fef8df1d7902534ef8ce965ee07ec9d6809
public_html/ppat/.git/objects/86/cc6d56a0c8d1fc8c31429862a0bdfdeb37a610
public_html/ppat/.git/objects/88/
public_html/ppat/.git/objects/88/dbf2d3825ecab5f2bf3a9afc0cb287c04931d5
public_html/ppat/.git/objects/89/
public_html/ppat/.git/objects/89/1c525ef8c4603c2641910983c189e6c0452259
public_html/ppat/.git/objects/8a/
public_html/ppat/.git/objects/8a/813f03a2389a3689283e0cf22ca70e7db9a2c2
public_html/ppat/.git/objects/8b/
public_html/ppat/.git/objects/8b/0315705ceb0e5034b6c5e6ede523cadaac9c1a
public_html/ppat/.git/objects/8b/07f6d954638885299276615be02c8129c444e5
public_html/ppat/.git/objects/8b/d03b802dc9d6a1fd6ff9fb88ee2809d56b709d
public_html/ppat/.git/objects/8c/
public_html/ppat/.git/objects/8c/7ca75c528a7dce234472c3d0bfbeba5f116d95
public_html/ppat/.git/objects/8c/a8592b8a04cb07635f8a9c780a17943ad4f819
public_html/ppat/.git/objects/8d/
public_html/ppat/.git/objects/8d/2ecdc157a86dacd07e934642c7a1e2063e70fe
public_html/ppat/.git/objects/8d/4c98a1fcb56a2653bc2d210decd5b114e77c0b
public_html/ppat/.git/objects/8e/
public_html/ppat/.git/objects/8e/3da9560aa7dfa91d45ade4326d801def99f110
public_html/ppat/.git/objects/90/
public_html/ppat/.git/objects/90/2a5eb9c64d849e5a6fabc2fa4de1948fbb4bec
public_html/ppat/.git/objects/90/435158f2896937fe319c318358130e01d87c9e
public_html/ppat/.git/objects/91/
public_html/ppat/.git/objects/91/a61085e2458096bc1bb39c0a1151595570cd78
public_html/ppat/.git/objects/92/
public_html/ppat/.git/objects/92/0cc0ae2f6f3f84cd200b648449a5cff19cc5cc
public_html/ppat/.git/objects/93/
public_html/ppat/.git/objects/93/6cc28d2c702c802c87bb0f2fe2f2c98f30b37d
public_html/ppat/.git/objects/94/
public_html/ppat/.git/objects/94/23ea791f0830b4792670dbd4238bcdd67247fa
public_html/ppat/.git/objects/94/4bb34c6e502087ddcf7965d93b47b5ff536105
public_html/ppat/.git/objects/95/
public_html/ppat/.git/objects/95/12d17846d58303031f049aa2cb4e8933d70e0d
public_html/ppat/.git/objects/95/68cade1035911b4416fb8164be5ed2667f11f0
public_html/ppat/.git/objects/95/9c0805d4881dfa81f7e6be235ca61dd08bc946
public_html/ppat/.git/objects/96/
public_html/ppat/.git/objects/96/9f12da984a618de677f9e2a92d39f3a3012388
public_html/ppat/.git/objects/97/
public_html/ppat/.git/objects/97/9f4bf572f82541a3176e04d3ba4ac71b87d67f
public_html/ppat/.git/objects/99/
public_html/ppat/.git/objects/99/791afe296620898d85e688aae6eaaa68afbdb6
public_html/ppat/.git/objects/9a/
public_html/ppat/.git/objects/9a/3662e3995c0701eb80581a76c236c3b2fbfe88
public_html/ppat/.git/objects/9c/
public_html/ppat/.git/objects/9c/4a98c901677e77fd3b1e69932e1241f04eca47
public_html/ppat/.git/objects/9e/
public_html/ppat/.git/objects/9e/64d19e21fd6b6a3edaadb69f2474fb454d6fb8
public_html/ppat/.git/objects/9f/
public_html/ppat/.git/objects/9f/7ebd951684c2a5923bd7d0e6d955b0183c49ea
public_html/ppat/.git/objects/9f/cd5a099c82be02b934e2a17e84efeafb3efed6
public_html/ppat/.git/objects/a0/
public_html/ppat/.git/objects/a0/be0058a401a0a9fb55555ed7b598c631f069a8
public_html/ppat/.git/objects/a1/
public_html/ppat/.git/objects/a1/1901f4ed9b1c855273c1554bb77ea9c017f79b
public_html/ppat/.git/objects/a1/6285d0c2e863746f33270dcffc3f088dc80044
public_html/ppat/.git/objects/a2/
public_html/ppat/.git/objects/a2/7ed74f7ca63e6a927ef3f6cb0c9a9e5b73a8b6
public_html/ppat/.git/objects/a5/
public_html/ppat/.git/objects/a5/6390bd90b0d4699cd7d7994aa4b8b397139ee7
public_html/ppat/.git/objects/a5/aba326fbcbbaa6e62723ca5ae039ba3957bee1
public_html/ppat/.git/objects/a6/
public_html/ppat/.git/objects/a6/71c494e62277c57b529db0c0012091864f682c
public_html/ppat/.git/objects/a7/
public_html/ppat/.git/objects/a7/bbe09b539d27000aa8e4e24a3be67e3fc7e1c7
public_html/ppat/.git/objects/aa/
public_html/ppat/.git/objects/aa/62a0b724371d1f0a8e183c5f3707d2f7aecd63
public_html/ppat/.git/objects/aa/e9a27c55895607c8fe86805a300bb29cbd2587
public_html/ppat/.git/objects/ab/
public_html/ppat/.git/objects/ab/70d8732dac4ff413c76b610fd8f8086d3e59e9
public_html/ppat/.git/objects/ab/f52da084bacc4b1fb1d31890515e67d1ae7758
public_html/ppat/.git/objects/ad/
public_html/ppat/.git/objects/ad/456e99dbe250c54985a4df6d639ca87357b1b4
public_html/ppat/.git/objects/ae/
public_html/ppat/.git/objects/ae/1a03ca0c89626b2964acffe65a6006dff63476
public_html/ppat/.git/objects/ae/72633c1bddaec69b66290704e99e0d6583b65d
public_html/ppat/.git/objects/ae/79388cf1a39a683292d50e29e3e1a8ddf575b1
public_html/ppat/.git/objects/ae/e7188b6f315b9c784f78ad4538b6a351ca13a9
public_html/ppat/.git/objects/af/
public_html/ppat/.git/objects/af/31c3f631ac5d2857da03b46bec5b0afedade00
public_html/ppat/.git/objects/af/774f1cde16d0bc33012b5933f253b6948b2aa5
public_html/ppat/.git/objects/af/7eeeb674e5970a4674695b33c6bfe312eee017
public_html/ppat/.git/objects/b0/
public_html/ppat/.git/objects/b0/466d710dc7933597f4df1201efe57c567b1fef
public_html/ppat/.git/objects/b1/
public_html/ppat/.git/objects/b1/aa01be694f2480a2a2b8f59304859134926d9e
public_html/ppat/.git/objects/b2/
public_html/ppat/.git/objects/b2/60621896177cd588b7a0297e6efe5742d07d15
public_html/ppat/.git/objects/b5/
public_html/ppat/.git/objects/b5/e20a810eaafda4d1382bc681798970139b5d99
public_html/ppat/.git/objects/b6/
public_html/ppat/.git/objects/b6/c15e832a1506c772c7ed046c3b5cc4175be846
public_html/ppat/.git/objects/b7/
public_html/ppat/.git/objects/b7/75b44cffc1ec6d02b6194adce0acc54bc7bdaf
public_html/ppat/.git/objects/b7/814c8ea27386c861b0861192b3ecd5ce26171b
public_html/ppat/.git/objects/b8/
public_html/ppat/.git/objects/b8/31154c6363be75f04a5be3edac4902953ef82b
public_html/ppat/.git/objects/b9/
public_html/ppat/.git/objects/b9/29522f58a51d6709d154edd5a97fca3b604139
public_html/ppat/.git/objects/bb/
public_html/ppat/.git/objects/bb/01474ac9fd2d0795b0b964c2bd59f40b230f67
public_html/ppat/.git/objects/bb/9f8a0d26b5750d88b8420f6daba432f8e7f6fb
public_html/ppat/.git/objects/bc/
public_html/ppat/.git/objects/bc/a723fab978217f94adc68d6ba376fd9d080ec2
public_html/ppat/.git/objects/bd/
public_html/ppat/.git/objects/bd/5d94596dd8953215f1d7373ddfc231b1957055
public_html/ppat/.git/objects/bd/c0460f99466d96f80915eaeb5e09bfbc82b9c2
public_html/ppat/.git/objects/bf/
public_html/ppat/.git/objects/bf/75cf763e0d22b98594485621f481e1c95d0cbc
public_html/ppat/.git/objects/c1/
public_html/ppat/.git/objects/c1/ba7f50f6bdfbe87ba27c95aed685568f744cb6
public_html/ppat/.git/objects/c1/d9cd0ed4da7e7c569076b0e5756e0304ca4b29
public_html/ppat/.git/objects/c2/
public_html/ppat/.git/objects/c2/21fca40a161fa178468a7c47e2c3bfc0d45c10
public_html/ppat/.git/objects/c2/842f1a34785acb0ce2271d13ebc9260aacc9a1
public_html/ppat/.git/objects/c2/cfa2381e4b4583531682fe7203da6908e2326b
public_html/ppat/.git/objects/c2/e08c384258bcf534bd614569cb060aeb9df71b
public_html/ppat/.git/objects/c3/
public_html/ppat/.git/objects/c3/28e813a38b42b5ba28f9574562100f64e3a806
public_html/ppat/.git/objects/c3/f3faaf01686cb255555707d76f246bab131b18
public_html/ppat/.git/objects/c4/
public_html/ppat/.git/objects/c4/3e8a2f8c6b2076960f6c11733ec2ef4afeabed
public_html/ppat/.git/objects/c7/
public_html/ppat/.git/objects/c7/43cdd86bede768f41bc8c690965e71212a7cdc
public_html/ppat/.git/objects/c7/4649720aa9f4eb0892e12c292a835317f38d9b
public_html/ppat/.git/objects/c7/c016490d05daf184650afd6f35052c8cf0cf2f
public_html/ppat/.git/objects/c8/
public_html/ppat/.git/objects/c8/2a583ca58c192dbc80cf4bbbe173f2ca1b3586
public_html/ppat/.git/objects/c8/2b779763ea27af0d1559611c8407f770ce648a
public_html/ppat/.git/objects/c8/50d18e6de20a22f8f79f1f330d7b73fb49f0b1
public_html/ppat/.git/objects/c8/bf5c9611bd88b16dc51282f1f44e78b1b3a24f
public_html/ppat/.git/objects/cc/
public_html/ppat/.git/objects/cc/27a29b58a82c01f58b53887b90868cf3e11a05
public_html/ppat/.git/objects/cd/
public_html/ppat/.git/objects/cd/3c933963fe61b6adf917fe7cbc082e1a85a40d
public_html/ppat/.git/objects/ce/
public_html/ppat/.git/objects/ce/6fbe2de4f9ff690d2616da5b55cabc7c3c9126
public_html/ppat/.git/objects/ce/90f211bc4df0adabb6e29ff44c0f0a6af8319e
public_html/ppat/.git/objects/cf/
public_html/ppat/.git/objects/cf/19016eb06ac17fc04377213a1869625d4bfe57
public_html/ppat/.git/objects/cf/928bd99996a4ac063348bf520c7cb623913f40
public_html/ppat/.git/objects/cf/ea1a5833b01035a05d287ab75e8363e5b59b26
public_html/ppat/.git/objects/d0/
public_html/ppat/.git/objects/d0/997fd8a3dce30bd04411468277bf0b395ec8fd
public_html/ppat/.git/objects/d0/d41d0d3fcb3da46ead003f3fe3cd93f6b6ef7b
public_html/ppat/.git/objects/d1/
public_html/ppat/.git/objects/d1/3368a85439878cde0cf8f33bd567a46fc63a74
public_html/ppat/.git/objects/d4/
public_html/ppat/.git/objects/d4/1afb35ac08be3a71e7efda904cc966ba7660b2
public_html/ppat/.git/objects/d6/
public_html/ppat/.git/objects/d6/4c805d95b221fd08de5b7d7c27c104d588a8e9
public_html/ppat/.git/objects/d8/
public_html/ppat/.git/objects/d8/32c85127156df5f0b9bd93ba40957cdca8116d
public_html/ppat/.git/objects/d9/
public_html/ppat/.git/objects/d9/6457731a93083ff9b0fe160f35f43303d79b16
public_html/ppat/.git/objects/d9/6b8e4d8b30b9fe0608cc7d84642f1aba0192aa
public_html/ppat/.git/objects/da/
public_html/ppat/.git/objects/da/130f7a4b3f59ccc117d47642cb31106c42d60d
public_html/ppat/.git/objects/da/a38f73ad59b568347ca449c88c2cf0bb9c427b
public_html/ppat/.git/objects/dc/
public_html/ppat/.git/objects/dc/824c8822aad19eb8e6da6324f61474c988a321
public_html/ppat/.git/objects/dd/
public_html/ppat/.git/objects/dd/0a7c15e8b505b0c8f3bff72a33412118f4c7c7
public_html/ppat/.git/objects/dd/24d10442be951aff3d3b99aced277f8a7bcefa
public_html/ppat/.git/objects/dd/36776cc8c55e7003053cac6a336b01057fb273
public_html/ppat/.git/objects/e0/
public_html/ppat/.git/objects/e0/c95d04342822e5dfaaf8897c4dbbb37c87ab60
public_html/ppat/.git/objects/e1/
public_html/ppat/.git/objects/e1/193aee5548c7fba54644d09df104eb8b33557b
public_html/ppat/.git/objects/e1/7e8cd24cf1fefa1e3ccc41e291f09b32be32ed
public_html/ppat/.git/objects/e1/fd1af8903ede4b085fb2d90a0893d5521b4894
public_html/ppat/.git/objects/e2/
public_html/ppat/.git/objects/e2/f6ede1bedec897c053887a6358ef27b4a79af2
public_html/ppat/.git/objects/e3/
public_html/ppat/.git/objects/e3/120336a08c0dd192f608c20e786e55564e2ea0
public_html/ppat/.git/objects/e3/21d0f457399077d8aad9534895d34ec8255083
public_html/ppat/.git/objects/e3/2be2a9975d9449fcf9d87e429a569f4e822d79
public_html/ppat/.git/objects/e3/9dc46f1a1157139d6268613897ef6baae34f61
public_html/ppat/.git/objects/e5/
public_html/ppat/.git/objects/e5/4a4a519201feb3546046e25aefd68d576980b1
public_html/ppat/.git/objects/e6/
public_html/ppat/.git/objects/e6/df225876b563504963eb3572b5e3604aa2883c
public_html/ppat/.git/objects/e7/
public_html/ppat/.git/objects/e7/9229001bf6a0d245ee24a72231083c93b42498
public_html/ppat/.git/objects/e8/
public_html/ppat/.git/objects/e8/87996e3fe240c2d140e99afeeef865d38d15c9
public_html/ppat/.git/objects/e9/
public_html/ppat/.git/objects/e9/346af4a77f28926b9e28b8e36b757dda844cb7
public_html/ppat/.git/objects/e9/cce2eaea170210b877eaa31b8d6342ff44487c
public_html/ppat/.git/objects/ea/
public_html/ppat/.git/objects/ea/73ca73271c1d00af7a69302d1c92df68448361
public_html/ppat/.git/objects/ea/f33294de7f5fffb61b285462bf777c3dba9661
public_html/ppat/.git/objects/eb/
public_html/ppat/.git/objects/eb/b5dd5afa741e86662b8ede8257617453b42a62
public_html/ppat/.git/objects/ec/
public_html/ppat/.git/objects/ec/fd3041f2b43756ae95b2ba5c555896a6aa619a
public_html/ppat/.git/objects/ee/
public_html/ppat/.git/objects/ee/20f63cb4e93af504749871ac0c4906dd5e2868
public_html/ppat/.git/objects/ee/bf52cbcf83788a1903ae986ad8bb888e1c520b
public_html/ppat/.git/objects/ef/
public_html/ppat/.git/objects/ef/51c490b028a6dd76927bd4c10c523cf4aa1df2
public_html/ppat/.git/objects/f0/
public_html/ppat/.git/objects/f0/11378aabc5390aebf9996b75328980905d42d6
public_html/ppat/.git/objects/f5/
public_html/ppat/.git/objects/f5/918277c9c19a0556735564172bb6e059147133
public_html/ppat/.git/objects/f6/
public_html/ppat/.git/objects/f6/637529057c29f57d2e522b38751b72b95ccb63
public_html/ppat/.git/objects/f7/
public_html/ppat/.git/objects/f7/d9a10a355325e039053482f9a10b0985a706fd
public_html/ppat/.git/objects/f8/
public_html/ppat/.git/objects/f8/19fd4f34df417ed12ecc8789d41e376aeaab92
public_html/ppat/.git/objects/f9/
public_html/ppat/.git/objects/f9/59712edd360d140e4e945da622d0b2a39df2a9
public_html/ppat/.git/objects/f9/59fc97260103d701e432095ff1da8f59b97284
public_html/ppat/.git/objects/f9/ac4307d276f915cd001699966b269edf2ea5ae
public_html/ppat/.git/objects/fa/
public_html/ppat/.git/objects/fa/1699ca15b86176001e692cb5b15ad7b52171f1
public_html/ppat/.git/objects/fa/52716f61a2bf6d65a129d2bc832eb946cf20aa
public_html/ppat/.git/objects/fb/
public_html/ppat/.git/objects/fb/4fa97a2f9c696a3a60947ab5413a6fd67e20f6
public_html/ppat/.git/objects/fd/
public_html/ppat/.git/objects/fd/b71bb48c2f92c99759ced76bf6dc46d779c8b6
public_html/ppat/.git/objects/fd/c5b5b0a7e6bc60c2f4f5d79aae4b7e34d036a6
public_html/ppat/.git/objects/ff/
public_html/ppat/.git/objects/ff/73f010aae7d614e23d88780851388495a56115
public_html/ppat/.git/objects/ff/7d839df87b42ca14189262c0cc12320a03cc05
public_html/ppat/.git/objects/ff/a3fe166ad0357732556eee9640c87ba47cf909
public_html/ppat/.git/objects/ff/cf7ec07b7fc6486c3fa4b5af267be79abd12ef
public_html/ppat/.git/objects/info/
public_html/ppat/.git/objects/pack/
public_html/ppat/.git/objects/pack/pack-1838d8469ca504e993f667ef549a7a478db4248e.idx
public_html/ppat/.git/objects/pack/pack-1838d8469ca504e993f667ef549a7a478db4248e.pack
public_html/ppat/.git/rebase-apply/
public_html/ppat/.git/rebase-apply/0001
public_html/ppat/.git/rebase-apply/apply-opt
public_html/ppat/.git/rebase-apply/applying
public_html/ppat/.git/rebase-apply/final-commit
public_html/ppat/.git/rebase-apply/info
public_html/ppat/.git/rebase-apply/keep
public_html/ppat/.git/rebase-apply/last
public_html/ppat/.git/rebase-apply/msg
public_html/ppat/.git/rebase-apply/msg-clean
public_html/ppat/.git/rebase-apply/next
public_html/ppat/.git/rebase-apply/no_inbody_headers
public_html/ppat/.git/rebase-apply/patch
public_html/ppat/.git/rebase-apply/quiet
public_html/ppat/.git/rebase-apply/scissors
public_html/ppat/.git/rebase-apply/sign
public_html/ppat/.git/rebase-apply/threeway
public_html/ppat/.git/rebase-apply/utf8
public_html/ppat/.git/refs/
public_html/ppat/.git/refs/heads/
public_html/ppat/.git/refs/heads/master
public_html/ppat/.git/refs/remotes/
public_html/ppat/.git/refs/remotes/origin/
public_html/ppat/.git/refs/remotes/origin/HEAD
public_html/ppat/.git/refs/remotes/origin/master
public_html/ppat/.git/refs/tags/
public_html/ppat/images/
public_html/ppat/images/border1.png
public_html/ppat/images/border2.png
public_html/ppat/images/loading.gif
public_html/ppat/script/
public_html/ppat/script/launchPPAT.py
public_html/ppat/script/send_email_notification.sh
public_html/ppat/script/send_ppat_email.sh
public_html/ppat/script/startPPAT.sh
public_html/ppat_test/
public_html/ppat_test/ppat.js
public_html/ppat_test/ppat_config.xml

sent 1160909 bytes  received 8861 bytes  111406.67 bytes/sec
total size is 1976444  speedup is 1.69
sending incremental file list
updateuser/
updateuser/README
updateuser/a
updateuser/state.sqlite
updateuser/updateuser.py
updateuser/users.txt
updateuser/users.txt.bak

sent 7826 bytes  received 130 bytes  15912.00 bytes/sec
total size is 14608  speedup is 1.84
rsync done at: 2015-04-10 13:32:25+08:00
[detached HEAD 9278bfc] Autorsync:synced done 2015-04-10 13:32:29+08:00
 1 files changed, 1413 insertions(+), 0 deletions(-)
 create mode 100644 backup.log
done at: 2015-04-10 13:32:35+08:00

start at: 2015-04-10 13:37:29+08:00
sending incremental file list
buildbot-0.8.5-py2.6.egg/buildbot/status/web/files/
buildbot-0.8.5-py2.6.egg/buildbot/status/web/hooks/
buildbot-0.8.5-py2.6.egg/buildbot/status/web/templates/

sent 19632 bytes  received 1271 bytes  8361.20 bytes/sec
total size is 7259621  speedup is 347.30
sending incremental file list

sent 61 bytes  received 15 bytes  152.00 bytes/sec
total size is 40531  speedup is 533.30
sending incremental file list
public_html/ppat/.git/hooks/
public_html/ppat/.git/info/
public_html/ppat/.git/logs/refs/heads/
public_html/ppat/.git/logs/refs/remotes/origin/
public_html/ppat/.git/objects/01/
public_html/ppat/.git/objects/02/
public_html/ppat/.git/objects/03/
public_html/ppat/.git/objects/04/
public_html/ppat/.git/objects/05/
public_html/ppat/.git/objects/07/
public_html/ppat/.git/objects/08/
public_html/ppat/.git/objects/09/
public_html/ppat/.git/objects/0b/
public_html/ppat/.git/objects/0c/
public_html/ppat/.git/objects/0d/
public_html/ppat/.git/objects/0e/
public_html/ppat/.git/objects/0f/
public_html/ppat/.git/objects/10/
public_html/ppat/.git/objects/11/
public_html/ppat/.git/objects/12/
public_html/ppat/.git/objects/14/
public_html/ppat/.git/objects/15/
public_html/ppat/.git/objects/17/
public_html/ppat/.git/objects/1a/
public_html/ppat/.git/objects/1c/
public_html/ppat/.git/objects/1e/
public_html/ppat/.git/objects/1f/
public_html/ppat/.git/objects/20/
public_html/ppat/.git/objects/21/
public_html/ppat/.git/objects/22/
public_html/ppat/.git/objects/23/
public_html/ppat/.git/objects/24/
public_html/ppat/.git/objects/25/
public_html/ppat/.git/objects/26/
public_html/ppat/.git/objects/28/
public_html/ppat/.git/objects/29/
public_html/ppat/.git/objects/2a/
public_html/ppat/.git/objects/2b/
public_html/ppat/.git/objects/2c/
public_html/ppat/.git/objects/2d/
public_html/ppat/.git/objects/2e/
public_html/ppat/.git/objects/2f/
public_html/ppat/.git/objects/31/
public_html/ppat/.git/objects/33/
public_html/ppat/.git/objects/34/
public_html/ppat/.git/objects/35/
public_html/ppat/.git/objects/36/
public_html/ppat/.git/objects/37/
public_html/ppat/.git/objects/39/
public_html/ppat/.git/objects/3a/
public_html/ppat/.git/objects/3b/
public_html/ppat/.git/objects/3c/
public_html/ppat/.git/objects/3d/
public_html/ppat/.git/objects/3e/
public_html/ppat/.git/objects/3f/
public_html/ppat/.git/objects/40/
public_html/ppat/.git/objects/41/
public_html/ppat/.git/objects/42/
public_html/ppat/.git/objects/45/
public_html/ppat/.git/objects/47/
public_html/ppat/.git/objects/48/
public_html/ppat/.git/objects/4a/
public_html/ppat/.git/objects/4b/
public_html/ppat/.git/objects/4c/
public_html/ppat/.git/objects/4d/
public_html/ppat/.git/objects/52/
public_html/ppat/.git/objects/53/
public_html/ppat/.git/objects/54/
public_html/ppat/.git/objects/56/
public_html/ppat/.git/objects/57/
public_html/ppat/.git/objects/59/
public_html/ppat/.git/objects/e5/
public_html/ppat/.git/objects/e6/
public_html/ppat/.git/objects/e7/
public_html/ppat/.git/objects/e8/
public_html/ppat/.git/objects/e9/
public_html/ppat/.git/objects/ea/
public_html/ppat/.git/objects/eb/
public_html/ppat/.git/objects/ec/
public_html/ppat/.git/objects/ee/
public_html/ppat/.git/objects/ef/
public_html/ppat/.git/objects/f0/
public_html/ppat/.git/objects/f5/
public_html/ppat/.git/objects/f6/
public_html/ppat/.git/objects/f7/
public_html/ppat/.git/objects/f8/
public_html/ppat/.git/objects/f9/
public_html/ppat/.git/objects/fa/
public_html/ppat/.git/objects/fb/
public_html/ppat/.git/objects/fd/
public_html/ppat/.git/objects/ff/
public_html/ppat/.git/objects/pack/
public_html/ppat/.git/rebase-apply/
public_html/ppat/.git/refs/heads/
public_html/ppat/.git/refs/remotes/origin/
public_html/ppat/images/
public_html/ppat/script/
public_html/ppat_test/

sent 23250 bytes  received 1695 bytes  9978.00 bytes/sec
total size is 1976444  speedup is 79.23
sending incremental file list

sent 203 bytes  received 28 bytes  462.00 bytes/sec
total size is 14608  speedup is 63.24
rsync done at: 2015-04-10 13:37:33+08:00
[detached HEAD ce5818e] Autorsync:synced done 2015-04-10 13:37:34+08:00
 1 files changed, 124 insertions(+), 0 deletions(-)
done at: 2015-04-10 13:37:41+08:00

start at: 2015-04-11 04:25:01+08:00
sending incremental file list

sent 19623 bytes  received 1262 bytes  8354.00 bytes/sec
total size is 7259621  speedup is 347.60
sending incremental file list

sent 61 bytes  received 15 bytes  152.00 bytes/sec
total size is 40531  speedup is 533.30
sending incremental file list

sent 22956 bytes  received 1401 bytes  9742.80 bytes/sec
total size is 1976444  speedup is 81.14
sending incremental file list

sent 203 bytes  received 28 bytes  462.00 bytes/sec
total size is 14608  speedup is 63.24
rsync done at: 2015-04-11 04:25:05+08:00
[detached HEAD ef3b80a] Autorsync:synced done 2015-04-11 04:25:07+08:00
 1 files changed, 22 insertions(+), 0 deletions(-)
done at: 2015-04-11 04:25:13+08:00

start at: 2015-04-12 04:25:01+08:00
sending incremental file list

sent 19623 bytes  received 1262 bytes  5967.14 bytes/sec
total size is 7259621  speedup is 347.60
sending incremental file list

sent 61 bytes  received 15 bytes  152.00 bytes/sec
total size is 40531  speedup is 533.30
sending incremental file list

sent 22956 bytes  received 1401 bytes  16238.00 bytes/sec
total size is 1976444  speedup is 81.14
sending incremental file list

sent 203 bytes  received 28 bytes  462.00 bytes/sec
total size is 14608  speedup is 63.24
rsync done at: 2015-04-12 04:25:05+08:00
[detached HEAD 7d77f55] Autorsync:synced done 2015-04-12 04:25:07+08:00
 1 files changed, 22 insertions(+), 0 deletions(-)
done at: 2015-04-12 04:25:14+08:00

start at: 2015-04-13 04:25:01+08:00
sending incremental file list

sent 19623 bytes  received 1262 bytes  5967.14 bytes/sec
total size is 7259621  speedup is 347.60
sending incremental file list

sent 61 bytes  received 15 bytes  152.00 bytes/sec
total size is 40531  speedup is 533.30
sending incremental file list

sent 22956 bytes  received 1401 bytes  16238.00 bytes/sec
total size is 1976444  speedup is 81.14
sending incremental file list

sent 203 bytes  received 28 bytes  462.00 bytes/sec
total size is 14608  speedup is 63.24
rsync done at: 2015-04-13 04:25:05+08:00
[detached HEAD c665b64] Autorsync:synced done 2015-04-13 04:25:07+08:00
 1 files changed, 22 insertions(+), 0 deletions(-)
done at: 2015-04-13 04:25:13+08:00

start at: 2015-04-14 04:25:01+08:00
sending incremental file list
buildbot-0.8.5-py2.6.egg/buildbot/status/web/
buildbot-0.8.5-py2.6.egg/buildbot/status/web/trigger.py
buildbot-0.8.5-py2.6.egg/buildbot/status/web/templates/
buildbot-0.8.5-py2.6.egg/buildbot/status/web/templates/trigger.html

sent 29978 bytes  received 1300 bytes  12511.20 bytes/sec
total size is 7259586  speedup is 232.10
sending incremental file list
master.cfg

sent 6486 bytes  received 31 bytes  13034.00 bytes/sec
total size is 41343  speedup is 6.34
sending incremental file list
public_html/
public_html/public.js

sent 32522 bytes  received 1420 bytes  13576.80 bytes/sec
total size is 1976444  speedup is 58.23
sending incremental file list

sent 203 bytes  received 28 bytes  462.00 bytes/sec
total size is 14608  speedup is 63.24
rsync done at: 2015-04-14 04:25:05+08:00
[detached HEAD 4487cb6] Autorsync:synced done 2015-04-14 04:25:07+08:00
 2 files changed, 37 insertions(+), 4 deletions(-)
done at: 2015-04-14 04:25:13+08:00

start at: 2015-04-15 04:25:01+08:00
sending incremental file list
buildbot-0.8.5-py2.6.egg/buildbot/status/web/templates/
buildbot-0.8.5-py2.6.egg/buildbot/status/web/templates/trigger.html
buildbot-0.8.5-py2.6.egg/buildbot/status/web/templates/trigger.html.2015-04-14

sent 31092 bytes  received 1300 bytes  9254.86 bytes/sec
total size is 7307643  speedup is 225.60
sending incremental file list
master.cfg

sent 6542 bytes  received 31 bytes  13146.00 bytes/sec
total size is 41562  speedup is 6.32
sending incremental file list

sent 22956 bytes  received 1401 bytes  9742.80 bytes/sec
total size is 1976444  speedup is 81.14
sending incremental file list

sent 203 bytes  received 28 bytes  462.00 bytes/sec
total size is 14608  speedup is 63.24
rsync done at: 2015-04-15 04:25:06+08:00
[detached HEAD 58479ca] Autorsync:synced done 2015-04-15 04:25:08+08:00
 2 files changed, 37 insertions(+), 4 deletions(-)
done at: 2015-04-15 04:25:14+08:00

start at: 2015-04-16 04:25:01+08:00
sending incremental file list
buildbot-0.8.5-py2.6.egg/buildbot/status/web/templates/
buildbot-0.8.5-py2.6.egg/buildbot/status/web/templates/trigger.html

sent 25475 bytes  received 1284 bytes  10703.60 bytes/sec
total size is 7307699  speedup is 273.09
sending incremental file list
master.cfg

sent 6528 bytes  received 31 bytes  13118.00 bytes/sec
total size is 41263  speedup is 6.29
sending incremental file list

sent 22956 bytes  received 1401 bytes  9742.80 bytes/sec
total size is 1976444  speedup is 81.14
sending incremental file list

sent 203 bytes  received 28 bytes  462.00 bytes/sec
total size is 14608  speedup is 63.24
rsync done at: 2015-04-16 04:25:05+08:00
[detached HEAD a87a8bb] Autorsync:synced done 2015-04-16 04:25:07+08:00
 2 files changed, 25 insertions(+), 1 deletions(-)
done at: 2015-04-16 04:25:13+08:00

start at: 2015-04-17 04:25:01+08:00
sending incremental file list

sent 19659 bytes  received 1265 bytes  8369.60 bytes/sec
total size is 7307699  speedup is 349.25
sending incremental file list

sent 61 bytes  received 15 bytes  152.00 bytes/sec
total size is 41263  speedup is 542.93
sending incremental file list

sent 22956 bytes  received 1401 bytes  9742.80 bytes/sec
total size is 1976444  speedup is 81.14
sending incremental file list

sent 203 bytes  received 28 bytes  462.00 bytes/sec
total size is 14608  speedup is 63.24
rsync done at: 2015-04-17 04:25:05+08:00
[detached HEAD eb77083] Autorsync:synced done 2015-04-17 04:25:10+08:00
 1 files changed, 22 insertions(+), 0 deletions(-)
done at: 2015-04-17 04:25:16+08:00

start at: 2015-04-18 04:25:02+08:00
sending incremental file list
buildbot-0.8.5-py2.6.egg/buildbot/status/web/templates/
buildbot-0.8.5-py2.6.egg/buildbot/status/web/templates/.trigger.html.swp
buildbot-0.8.5-py2.6.egg/buildbot/status/web/templates/trigger.html

sent 35159 bytes  received 1303 bytes  14584.80 bytes/sec
total size is 7369139  speedup is 202.10
sending incremental file list
master.cfg

sent 6503 bytes  received 31 bytes  13068.00 bytes/sec
total size is 40813  speedup is 6.25
sending incremental file list

sent 22956 bytes  received 1401 bytes  9742.80 bytes/sec
total size is 1976444  speedup is 81.14
sending incremental file list

sent 203 bytes  received 28 bytes  462.00 bytes/sec
total size is 14608  speedup is 63.24
rsync done at: 2015-04-18 04:25:06+08:00
[detached HEAD 9f3ca53] Autorsync:synced done 2015-04-18 04:25:07+08:00
 2 files changed, 30 insertions(+), 7 deletions(-)
done at: 2015-04-18 04:25:14+08:00

start at: 2015-04-19 04:25:01+08:00
sending incremental file list

sent 19689 bytes  received 1268 bytes  8382.80 bytes/sec
total size is 7369139  speedup is 351.63
sending incremental file list

sent 61 bytes  received 15 bytes  152.00 bytes/sec
total size is 40813  speedup is 537.01
sending incremental file list

sent 22956 bytes  received 1401 bytes  16238.00 bytes/sec
total size is 1976444  speedup is 81.14
sending incremental file list

sent 203 bytes  received 28 bytes  462.00 bytes/sec
total size is 14608  speedup is 63.24
rsync done at: 2015-04-19 04:25:05+08:00
[detached HEAD b623923] Autorsync:synced done 2015-04-19 04:25:07+08:00
 1 files changed, 22 insertions(+), 0 deletions(-)
done at: 2015-04-19 04:25:13+08:00

start at: 2015-04-20 04:25:01+08:00
sending incremental file list

sent 19689 bytes  received 1268 bytes  8382.80 bytes/sec
total size is 7369139  speedup is 351.63
sending incremental file list

sent 61 bytes  received 15 bytes  152.00 bytes/sec
total size is 40813  speedup is 537.01
sending incremental file list

sent 22956 bytes  received 1401 bytes  9742.80 bytes/sec
total size is 1976444  speedup is 81.14
sending incremental file list

sent 203 bytes  received 28 bytes  462.00 bytes/sec
total size is 14608  speedup is 63.24
rsync done at: 2015-04-20 04:25:05+08:00
[detached HEAD e5b2fee] Autorsync:synced done 2015-04-20 04:25:07+08:00
 1 files changed, 22 insertions(+), 0 deletions(-)
done at: 2015-04-20 04:25:13+08:00

start at: 2015-04-21 04:25:01+08:00
sending incremental file list

sent 19689 bytes  received 1268 bytes  8382.80 bytes/sec
total size is 7369139  speedup is 351.63
sending incremental file list

sent 61 bytes  received 15 bytes  152.00 bytes/sec
total size is 40813  speedup is 537.01
sending incremental file list

sent 22956 bytes  received 1401 bytes  9742.80 bytes/sec
total size is 1976444  speedup is 81.14
sending incremental file list

sent 203 bytes  received 28 bytes  462.00 bytes/sec
total size is 14608  speedup is 63.24
rsync done at: 2015-04-21 04:25:05+08:00
[detached HEAD 74e2758] Autorsync:synced done 2015-04-21 04:25:07+08:00
 1 files changed, 22 insertions(+), 0 deletions(-)
done at: 2015-04-21 04:25:13+08:00

start at: 2015-04-22 04:25:01+08:00
sending incremental file list
buildbot-0.8.5-py2.6.egg/buildbot/status/web/templates/
buildbot-0.8.5-py2.6.egg/buildbot/status/web/templates/trigger.html

sent 25479 bytes  received 1284 bytes  10705.20 bytes/sec
total size is 7307739  speedup is 273.05
sending incremental file list

sent 61 bytes  received 15 bytes  152.00 bytes/sec
total size is 40813  speedup is 537.01
sending incremental file list
public_html/
public_html/public.js

sent 32534 bytes  received 1420 bytes  13581.60 bytes/sec
total size is 1976584  speedup is 58.21
sending incremental file list

sent 203 bytes  received 28 bytes  462.00 bytes/sec
total size is 14608  speedup is 63.24
rsync done at: 2015-04-22 04:25:05+08:00
[detached HEAD 6f24961] Autorsync:synced done 2015-04-22 04:25:07+08:00
 1 files changed, 26 insertions(+), 0 deletions(-)
done at: 2015-04-22 04:25:13+08:00

start at: 2015-04-23 04:25:01+08:00
sending incremental file list

sent 19659 bytes  received 1265 bytes  5978.29 bytes/sec
total size is 7307739  speedup is 349.25
sending incremental file list

sent 61 bytes  received 15 bytes  152.00 bytes/sec
total size is 40813  speedup is 537.01
sending incremental file list

sent 22956 bytes  received 1401 bytes  16238.00 bytes/sec
total size is 1976584  speedup is 81.15
sending incremental file list

sent 203 bytes  received 28 bytes  462.00 bytes/sec
total size is 14608  speedup is 63.24
rsync done at: 2015-04-23 04:25:05+08:00
[detached HEAD ebe9e42] Autorsync:synced done 2015-04-23 04:25:07+08:00
 1 files changed, 22 insertions(+), 0 deletions(-)
done at: 2015-04-23 04:25:13+08:00

start at: 2015-04-24 04:25:01+08:00
sending incremental file list

sent 19659 bytes  received 1265 bytes  8369.60 bytes/sec
total size is 7307739  speedup is 349.25
sending incremental file list
master.cfg

sent 6530 bytes  received 31 bytes  13122.00 bytes/sec
total size is 41204  speedup is 6.28
sending incremental file list

sent 22956 bytes  received 1401 bytes  16238.00 bytes/sec
total size is 1976584  speedup is 81.15
sending incremental file list

sent 203 bytes  received 28 bytes  462.00 bytes/sec
total size is 14608  speedup is 63.24
rsync done at: 2015-04-24 04:25:05+08:00
[detached HEAD 82c5886] Autorsync:synced done 2015-04-24 04:25:07+08:00
 2 files changed, 25 insertions(+), 0 deletions(-)
done at: 2015-04-24 04:25:13+08:00

start at: 2015-04-25 04:25:01+08:00
sending incremental file list

sent 19659 bytes  received 1265 bytes  8369.60 bytes/sec
total size is 7307739  speedup is 349.25
sending incremental file list

sent 61 bytes  received 15 bytes  152.00 bytes/sec
total size is 41204  speedup is 542.16
sending incremental file list

sent 22956 bytes  received 1401 bytes  9742.80 bytes/sec
total size is 1976584  speedup is 81.15
sending incremental file list

sent 203 bytes  received 28 bytes  462.00 bytes/sec
total size is 14608  speedup is 63.24
rsync done at: 2015-04-25 04:25:05+08:00
[detached HEAD 61f97f4] Autorsync:synced done 2015-04-25 04:25:07+08:00
 1 files changed, 22 insertions(+), 0 deletions(-)
done at: 2015-04-25 04:25:13+08:00

start at: 2015-04-26 04:25:02+08:00
sending incremental file list

sent 19659 bytes  received 1265 bytes  8369.60 bytes/sec
total size is 7307739  speedup is 349.25
sending incremental file list

sent 61 bytes  received 15 bytes  152.00 bytes/sec
total size is 41204  speedup is 542.16
sending incremental file list

sent 22956 bytes  received 1401 bytes  9742.80 bytes/sec
total size is 1976584  speedup is 81.15
sending incremental file list

sent 203 bytes  received 28 bytes  462.00 bytes/sec
total size is 14608  speedup is 63.24
rsync done at: 2015-04-26 04:25:06+08:00
[detached HEAD d43d945] Autorsync:synced done 2015-04-26 04:25:08+08:00
 1 files changed, 22 insertions(+), 0 deletions(-)
done at: 2015-04-26 04:25:14+08:00

start at: 2015-04-27 04:25:01+08:00
sending incremental file list

sent 19659 bytes  received 1265 bytes  8369.60 bytes/sec
total size is 7307739  speedup is 349.25
sending incremental file list

sent 61 bytes  received 15 bytes  152.00 bytes/sec
total size is 41204  speedup is 542.16
sending incremental file list

sent 22956 bytes  received 1401 bytes  9742.80 bytes/sec
total size is 1976584  speedup is 81.15
sending incremental file list

sent 203 bytes  received 28 bytes  462.00 bytes/sec
total size is 14608  speedup is 63.24
rsync done at: 2015-04-27 04:25:05+08:00
[detached HEAD 9a3cb6b] Autorsync:synced done 2015-04-27 04:25:06+08:00
 1 files changed, 22 insertions(+), 0 deletions(-)
done at: 2015-04-27 04:25:12+08:00

start at: 2015-04-28 04:25:01+08:00
sending incremental file list

sent 19659 bytes  received 1265 bytes  8369.60 bytes/sec
total size is 7307739  speedup is 349.25
sending incremental file list

sent 61 bytes  received 15 bytes  152.00 bytes/sec
total size is 41204  speedup is 542.16
sending incremental file list

sent 22956 bytes  received 1401 bytes  9742.80 bytes/sec
total size is 1976584  speedup is 81.15
sending incremental file list

sent 203 bytes  received 28 bytes  462.00 bytes/sec
total size is 14608  speedup is 63.24
rsync done at: 2015-04-28 04:25:05+08:00
